<?xml version="1.0" encoding="UTF-8"?>
<robot generator="Robot 4.1 (Python 3.9.6 on win32)" generated="20210901 16:29:32.897" rpa="false" schemaversion="2">
<suite id="s1" name="Pomelo" source="C:\Users\asuns\OneDrive\Documents\Part 2 Automated test assignment\Pomelo\Test\Pomelo.robot">
<kw name="Initial Test Data" library="UserDefineKeywords" type="SETUP">
<kw name="Open Excel Workbook" library="CustomExcelLibrary">
<var>${wb}</var>
<arg>${Workbook_path}</arg>
<msg timestamp="20210901 16:29:33.500" level="INFO">${wb} = &lt;openpyxl.workbook.workbook.Workbook object at 0x000002757B1B1730&gt;</msg>
<status status="PASS" starttime="20210901 16:29:33.483" endtime="20210901 16:29:33.500"/>
</kw>
<kw name="Select Excel Worksheet" library="CustomExcelLibrary">
<var>${ws}</var>
<arg>${wb}</arg>
<arg>Test Case</arg>
<msg timestamp="20210901 16:29:33.500" level="INFO">${ws} = &lt;Worksheet "Test Case"&gt;</msg>
<status status="PASS" starttime="20210901 16:29:33.500" endtime="20210901 16:29:33.500"/>
</kw>
<kw name="Read Excel Sheet" library="CustomExcelLibrary">
<var>${testData}</var>
<arg>${ws}</arg>
<msg timestamp="20210901 16:29:33.501" level="INFO">${testData} = [{'Test_Case_ID': 'TC01', 'Description': 'Edit size and quantity of products in the shopping cart in case log in and apply eligible promo code for over minimum of total', 'PromoCode_Flag': 'Yes', 'Pro...</msg>
<status status="PASS" starttime="20210901 16:29:33.500" endtime="20210901 16:29:33.501"/>
</kw>
<kw name="Select Excel Worksheet" library="CustomExcelLibrary">
<var>${wsDetail}</var>
<arg>${wb}</arg>
<arg>Test Data</arg>
<msg timestamp="20210901 16:29:33.501" level="INFO">${wsDetail} = &lt;Worksheet "Test Data"&gt;</msg>
<status status="PASS" starttime="20210901 16:29:33.501" endtime="20210901 16:29:33.501"/>
</kw>
<kw name="Read Excel Sheet" library="CustomExcelLibrary">
<var>${testDataDetail}</var>
<arg>${wsDetail}</arg>
<msg timestamp="20210901 16:29:33.502" level="INFO">${testDataDetail} = [{'Test_Case_ID': 'TC01', 'Product_Category': 'Dresses', 'Product_Name': 'Gingham Graphic Print Dress - Black/White', 'Size': 'S', 'Edited_Size': 'M', 'Quantity': '1', 'Row_Index': 2}, {'Test_Case_ID'...</msg>
<status status="PASS" starttime="20210901 16:29:33.501" endtime="20210901 16:29:33.502"/>
</kw>
<kw name="Set Suite Variable" library="BuiltIn">
<arg>${testData}</arg>
<arg>${testData}</arg>
<doc>Makes a variable available everywhere within the scope of the current suite.</doc>
<msg timestamp="20210901 16:29:33.503" level="INFO">${testData} = [{'Test_Case_ID': 'TC01', 'Description': 'Edit size and quantity of products in the shopping cart in case log in and apply eligible promo code for over minimum of total', 'PromoCode_Flag': 'Yes', 'Pro...</msg>
<status status="PASS" starttime="20210901 16:29:33.502" endtime="20210901 16:29:33.503"/>
</kw>
<kw name="Set Suite Variable" library="BuiltIn">
<arg>${testDataDetail}</arg>
<arg>${testDataDetail}</arg>
<doc>Makes a variable available everywhere within the scope of the current suite.</doc>
<msg timestamp="20210901 16:29:33.503" level="INFO">${testDataDetail} = [{'Test_Case_ID': 'TC01', 'Product_Category': 'Dresses', 'Product_Name': 'Gingham Graphic Print Dress - Black/White', 'Size': 'S', 'Edited_Size': 'M', 'Quantity': '1', 'Row_Index': 2}, {'Test_Case_ID'...</msg>
<status status="PASS" starttime="20210901 16:29:33.503" endtime="20210901 16:29:33.503"/>
</kw>
<status status="PASS" starttime="20210901 16:29:33.483" endtime="20210901 16:29:33.504"/>
</kw>
<test id="s1-t1" name="TC01">
<kw name="Get Test Case Data" library="UserDefineKeywords" type="SETUP">
<kw name="Filter Json Array" library="CustomExcelLibrary">
<var>${testCaseData}</var>
<arg>${testData}</arg>
<arg>Test_Case_ID</arg>
<arg>${TEST NAME}</arg>
<msg timestamp="20210901 16:29:33.506" level="INFO">${testCaseData} = [{'Test_Case_ID': 'TC01', 'Description': 'Edit size and quantity of products in the shopping cart in case log in and apply eligible promo code for over minimum of total', 'PromoCode_Flag': 'Yes', 'Pro...</msg>
<status status="PASS" starttime="20210901 16:29:33.505" endtime="20210901 16:29:33.506"/>
</kw>
<kw name="Set Suite Variable" library="BuiltIn">
<arg>${testCaseData}</arg>
<doc>Makes a variable available everywhere within the scope of the current suite.</doc>
<msg timestamp="20210901 16:29:33.506" level="INFO">${testCaseData} = [{'Test_Case_ID': 'TC01', 'Description': 'Edit size and quantity of products in the shopping cart in case log in and apply eligible promo code for over minimum of total', 'PromoCode_Flag': 'Yes', 'Pro...</msg>
<status status="PASS" starttime="20210901 16:29:33.506" endtime="20210901 16:29:33.506"/>
</kw>
<kw name="Filter Json Array" library="CustomExcelLibrary">
<var>${testCaseDataDetail}</var>
<arg>${testDataDetail}</arg>
<arg>Test_Case_ID</arg>
<arg>${TEST NAME}</arg>
<msg timestamp="20210901 16:29:33.507" level="INFO">${testCaseDataDetail} = [{'Test_Case_ID': 'TC01', 'Product_Category': 'Dresses', 'Product_Name': 'Gingham Graphic Print Dress - Black/White', 'Size': 'S', 'Edited_Size': 'M', 'Quantity': '1', 'Row_Index': 2}, {'Test_Case_ID'...</msg>
<status status="PASS" starttime="20210901 16:29:33.506" endtime="20210901 16:29:33.507"/>
</kw>
<kw name="Set Suite Variable" library="BuiltIn">
<arg>${testCaseDataDetail}</arg>
<doc>Makes a variable available everywhere within the scope of the current suite.</doc>
<msg timestamp="20210901 16:29:33.507" level="INFO">${testCaseDataDetail} = [{'Test_Case_ID': 'TC01', 'Product_Category': 'Dresses', 'Product_Name': 'Gingham Graphic Print Dress - Black/White', 'Size': 'S', 'Edited_Size': 'M', 'Quantity': '1', 'Row_Index': 2}, {'Test_Case_ID'...</msg>
<status status="PASS" starttime="20210901 16:29:33.507" endtime="20210901 16:29:33.507"/>
</kw>
<status status="PASS" starttime="20210901 16:29:33.505" endtime="20210901 16:29:33.507"/>
</kw>
<kw name="Open Pomelo Site" library="UserDefineKeywords">
<kw name="Close All Browsers" library="SeleniumLibrary">
<doc>Closes all open browsers and resets the browser cache.</doc>
<status status="PASS" starttime="20210901 16:29:33.508" endtime="20210901 16:29:33.508"/>
</kw>
<kw name="Open Browser" library="SeleniumLibrary">
<arg>${test_site}</arg>
<arg>browser=${browser}</arg>
<doc>Opens a new browser instance to the optional ``url``.</doc>
<msg timestamp="20210901 16:29:33.508" level="INFO">Opening browser 'Chrome' to base url 'https://www.pomelofashion.com/th/en/'.</msg>
<status status="PASS" starttime="20210901 16:29:33.508" endtime="20210901 16:29:36.977"/>
</kw>
<kw name="Check Exist Element" library="UserDefineKeywords">
<arg>${shopBtn}</arg>
<for flavor="IN RANGE">
<var>${i}</var>
<value>10</value>
<iter>
<var name="${i}">0</var>
<kw name="Run Keyword And Return Status" library="BuiltIn">
<var>${status}</var>
<arg>Wait Until Element Is Visible</arg>
<arg>${element}</arg>
<arg>timeout=2</arg>
<doc>Runs the given keyword with given arguments and returns the status as a Boolean value.</doc>
<kw name="Wait Until Element Is Visible" library="SeleniumLibrary">
<arg>${element}</arg>
<arg>timeout=2</arg>
<doc>Waits until the element ``locator`` is visible.</doc>
<status status="PASS" starttime="20210901 16:29:36.979" endtime="20210901 16:29:37.024"/>
</kw>
<msg timestamp="20210901 16:29:37.024" level="INFO">${status} = True</msg>
<status status="PASS" starttime="20210901 16:29:36.978" endtime="20210901 16:29:37.025"/>
</kw>
<if>
<branch type="IF" condition="'${status}' == 'True'">
<kw name="Exit For Loop" library="BuiltIn">
<doc>Stops executing the enclosing for loop.</doc>
<msg timestamp="20210901 16:29:37.025" level="INFO">Exiting for loop altogether.</msg>
<status status="PASS" starttime="20210901 16:29:37.025" endtime="20210901 16:29:37.026"/>
</kw>
<status status="PASS" starttime="20210901 16:29:37.025" endtime="20210901 16:29:37.026"/>
</branch>
<status status="PASS" starttime="20210901 16:29:37.025" endtime="20210901 16:29:37.026"/>
</if>
<status status="PASS" starttime="20210901 16:29:36.978" endtime="20210901 16:29:37.026"/>
</iter>
<status status="PASS" starttime="20210901 16:29:36.978" endtime="20210901 16:29:37.026"/>
</for>
<status status="PASS" starttime="20210901 16:29:36.977" endtime="20210901 16:29:37.026"/>
</kw>
<kw name="Maximize Browser Window" library="SeleniumLibrary">
<doc>Maximizes current browser window.</doc>
<status status="PASS" starttime="20210901 16:29:37.026" endtime="20210901 16:29:37.176"/>
</kw>
<status status="PASS" starttime="20210901 16:29:33.508" endtime="20210901 16:29:37.176"/>
</kw>
<kw name="Log In" library="UserDefineKeywords">
<if>
<branch type="IF" condition="'${testCaseData}[0][SignIn_Flag]' == 'Yes'">
<if>
<branch type="IF" condition="'${testCaseData}[0][SignIn_Type]' == 'Pomelo'">
<kw name="Check Exist Element" library="UserDefineKeywords">
<arg>${login_header}</arg>
<for flavor="IN RANGE">
<var>${i}</var>
<value>10</value>
<iter>
<var name="${i}">0</var>
<kw name="Run Keyword And Return Status" library="BuiltIn">
<var>${status}</var>
<arg>Wait Until Element Is Visible</arg>
<arg>${element}</arg>
<arg>timeout=2</arg>
<doc>Runs the given keyword with given arguments and returns the status as a Boolean value.</doc>
<kw name="Wait Until Element Is Visible" library="SeleniumLibrary">
<arg>${element}</arg>
<arg>timeout=2</arg>
<doc>Waits until the element ``locator`` is visible.</doc>
<status status="PASS" starttime="20210901 16:29:37.179" endtime="20210901 16:29:37.264"/>
</kw>
<msg timestamp="20210901 16:29:37.265" level="INFO">${status} = True</msg>
<status status="PASS" starttime="20210901 16:29:37.179" endtime="20210901 16:29:37.265"/>
</kw>
<if>
<branch type="IF" condition="'${status}' == 'True'">
<kw name="Exit For Loop" library="BuiltIn">
<doc>Stops executing the enclosing for loop.</doc>
<msg timestamp="20210901 16:29:37.265" level="INFO">Exiting for loop altogether.</msg>
<status status="PASS" starttime="20210901 16:29:37.265" endtime="20210901 16:29:37.266"/>
</kw>
<status status="PASS" starttime="20210901 16:29:37.265" endtime="20210901 16:29:37.266"/>
</branch>
<status status="PASS" starttime="20210901 16:29:37.265" endtime="20210901 16:29:37.266"/>
</if>
<status status="PASS" starttime="20210901 16:29:37.179" endtime="20210901 16:29:37.266"/>
</iter>
<status status="PASS" starttime="20210901 16:29:37.178" endtime="20210901 16:29:37.266"/>
</for>
<status status="PASS" starttime="20210901 16:29:37.178" endtime="20210901 16:29:37.266"/>
</kw>
<kw name="Click Element" library="SeleniumLibrary">
<arg>${login_header}</arg>
<doc>Click the element identified by ``locator``.</doc>
<msg timestamp="20210901 16:29:37.267" level="INFO">Clicking element '//header//Button/span[contains(text(), "Login")]'.</msg>
<status status="PASS" starttime="20210901 16:29:37.266" endtime="20210901 16:29:37.408"/>
</kw>
<kw name="Check Exist Element" library="UserDefineKeywords">
<arg>${emailField}</arg>
<for flavor="IN RANGE">
<var>${i}</var>
<value>10</value>
<iter>
<var name="${i}">0</var>
<kw name="Run Keyword And Return Status" library="BuiltIn">
<var>${status}</var>
<arg>Wait Until Element Is Visible</arg>
<arg>${element}</arg>
<arg>timeout=2</arg>
<doc>Runs the given keyword with given arguments and returns the status as a Boolean value.</doc>
<kw name="Wait Until Element Is Visible" library="SeleniumLibrary">
<arg>${element}</arg>
<arg>timeout=2</arg>
<doc>Waits until the element ``locator`` is visible.</doc>
<status status="PASS" starttime="20210901 16:29:37.409" endtime="20210901 16:29:37.444"/>
</kw>
<msg timestamp="20210901 16:29:37.445" level="INFO">${status} = True</msg>
<status status="PASS" starttime="20210901 16:29:37.409" endtime="20210901 16:29:37.445"/>
</kw>
<if>
<branch type="IF" condition="'${status}' == 'True'">
<kw name="Exit For Loop" library="BuiltIn">
<doc>Stops executing the enclosing for loop.</doc>
<msg timestamp="20210901 16:29:37.445" level="INFO">Exiting for loop altogether.</msg>
<status status="PASS" starttime="20210901 16:29:37.445" endtime="20210901 16:29:37.446"/>
</kw>
<status status="PASS" starttime="20210901 16:29:37.445" endtime="20210901 16:29:37.446"/>
</branch>
<status status="PASS" starttime="20210901 16:29:37.445" endtime="20210901 16:29:37.446"/>
</if>
<status status="PASS" starttime="20210901 16:29:37.409" endtime="20210901 16:29:37.446"/>
</iter>
<status status="PASS" starttime="20210901 16:29:37.409" endtime="20210901 16:29:37.446"/>
</for>
<status status="PASS" starttime="20210901 16:29:37.408" endtime="20210901 16:29:37.446"/>
</kw>
<kw name="U - Input Text" library="UserDefineKeywords">
<arg>${emailField}</arg>
<arg>${email}</arg>
<kw name="Check Exist Element" library="UserDefineKeywords">
<arg>${element}</arg>
<for flavor="IN RANGE">
<var>${i}</var>
<value>10</value>
<iter>
<var name="${i}">0</var>
<kw name="Run Keyword And Return Status" library="BuiltIn">
<var>${status}</var>
<arg>Wait Until Element Is Visible</arg>
<arg>${element}</arg>
<arg>timeout=2</arg>
<doc>Runs the given keyword with given arguments and returns the status as a Boolean value.</doc>
<kw name="Wait Until Element Is Visible" library="SeleniumLibrary">
<arg>${element}</arg>
<arg>timeout=2</arg>
<doc>Waits until the element ``locator`` is visible.</doc>
<status status="PASS" starttime="20210901 16:29:37.448" endtime="20210901 16:29:37.468"/>
</kw>
<msg timestamp="20210901 16:29:37.469" level="INFO">${status} = True</msg>
<status status="PASS" starttime="20210901 16:29:37.447" endtime="20210901 16:29:37.469"/>
</kw>
<if>
<branch type="IF" condition="'${status}' == 'True'">
<kw name="Exit For Loop" library="BuiltIn">
<doc>Stops executing the enclosing for loop.</doc>
<msg timestamp="20210901 16:29:37.470" level="INFO">Exiting for loop altogether.</msg>
<status status="PASS" starttime="20210901 16:29:37.469" endtime="20210901 16:29:37.470"/>
</kw>
<status status="PASS" starttime="20210901 16:29:37.469" endtime="20210901 16:29:37.470"/>
</branch>
<status status="PASS" starttime="20210901 16:29:37.469" endtime="20210901 16:29:37.470"/>
</if>
<status status="PASS" starttime="20210901 16:29:37.447" endtime="20210901 16:29:37.470"/>
</iter>
<status status="PASS" starttime="20210901 16:29:37.447" endtime="20210901 16:29:37.470"/>
</for>
<status status="PASS" starttime="20210901 16:29:37.447" endtime="20210901 16:29:37.471"/>
</kw>
<kw name="Input Text" library="SeleniumLibrary">
<arg>${element}</arg>
<arg>${text}</arg>
<doc>Types the given ``text`` into the text field identified by ``locator``.</doc>
<msg timestamp="20210901 16:29:37.471" level="INFO">Typing text 'aumnty@gmail.com' into text field '//input[@name="email"]'.</msg>
<status status="PASS" starttime="20210901 16:29:37.471" endtime="20210901 16:29:37.612"/>
</kw>
<status status="PASS" starttime="20210901 16:29:37.446" endtime="20210901 16:29:37.612"/>
</kw>
<kw name="U - Input Text" library="UserDefineKeywords">
<arg>${passwordField}</arg>
<arg>${password}</arg>
<kw name="Check Exist Element" library="UserDefineKeywords">
<arg>${element}</arg>
<for flavor="IN RANGE">
<var>${i}</var>
<value>10</value>
<iter>
<var name="${i}">0</var>
<kw name="Run Keyword And Return Status" library="BuiltIn">
<var>${status}</var>
<arg>Wait Until Element Is Visible</arg>
<arg>${element}</arg>
<arg>timeout=2</arg>
<doc>Runs the given keyword with given arguments and returns the status as a Boolean value.</doc>
<kw name="Wait Until Element Is Visible" library="SeleniumLibrary">
<arg>${element}</arg>
<arg>timeout=2</arg>
<doc>Waits until the element ``locator`` is visible.</doc>
<status status="PASS" starttime="20210901 16:29:37.614" endtime="20210901 16:29:37.640"/>
</kw>
<msg timestamp="20210901 16:29:37.641" level="INFO">${status} = True</msg>
<status status="PASS" starttime="20210901 16:29:37.613" endtime="20210901 16:29:37.641"/>
</kw>
<if>
<branch type="IF" condition="'${status}' == 'True'">
<kw name="Exit For Loop" library="BuiltIn">
<doc>Stops executing the enclosing for loop.</doc>
<msg timestamp="20210901 16:29:37.641" level="INFO">Exiting for loop altogether.</msg>
<status status="PASS" starttime="20210901 16:29:37.641" endtime="20210901 16:29:37.642"/>
</kw>
<status status="PASS" starttime="20210901 16:29:37.641" endtime="20210901 16:29:37.642"/>
</branch>
<status status="PASS" starttime="20210901 16:29:37.641" endtime="20210901 16:29:37.642"/>
</if>
<status status="PASS" starttime="20210901 16:29:37.613" endtime="20210901 16:29:37.642"/>
</iter>
<status status="PASS" starttime="20210901 16:29:37.613" endtime="20210901 16:29:37.642"/>
</for>
<status status="PASS" starttime="20210901 16:29:37.613" endtime="20210901 16:29:37.642"/>
</kw>
<kw name="Input Text" library="SeleniumLibrary">
<arg>${element}</arg>
<arg>${text}</arg>
<doc>Types the given ``text`` into the text field identified by ``locator``.</doc>
<msg timestamp="20210901 16:29:37.643" level="INFO">Typing text 'Happiness13!' into text field '//input[@name="password"]'.</msg>
<status status="PASS" starttime="20210901 16:29:37.642" endtime="20210901 16:29:37.756"/>
</kw>
<status status="PASS" starttime="20210901 16:29:37.612" endtime="20210901 16:29:37.757"/>
</kw>
<kw name="Click Element" library="SeleniumLibrary">
<arg>${login_button}</arg>
<doc>Click the element identified by ``locator``.</doc>
<msg timestamp="20210901 16:29:37.757" level="INFO">Clicking element '//button[@data-cy="auth__login__email__button"]'.</msg>
<status status="PASS" starttime="20210901 16:29:37.757" endtime="20210901 16:29:37.836"/>
</kw>
<status status="PASS" starttime="20210901 16:29:37.178" endtime="20210901 16:29:37.836"/>
</branch>
<status status="PASS" starttime="20210901 16:29:37.178" endtime="20210901 16:29:37.836"/>
</if>
<status status="PASS" starttime="20210901 16:29:37.178" endtime="20210901 16:29:37.837"/>
</branch>
<status status="PASS" starttime="20210901 16:29:37.178" endtime="20210901 16:29:37.837"/>
</if>
<status status="PASS" starttime="20210901 16:29:37.177" endtime="20210901 16:29:37.837"/>
</kw>
<kw name="Check Quantity in Cart" library="UserDefineKeywords">
<kw name="Check Exist Element" library="UserDefineKeywords">
<arg>${fullname}</arg>
<for flavor="IN RANGE">
<var>${i}</var>
<value>10</value>
<iter>
<var name="${i}">0</var>
<kw name="Run Keyword And Return Status" library="BuiltIn">
<var>${status}</var>
<arg>Wait Until Element Is Visible</arg>
<arg>${element}</arg>
<arg>timeout=2</arg>
<doc>Runs the given keyword with given arguments and returns the status as a Boolean value.</doc>
<kw name="Wait Until Element Is Visible" library="SeleniumLibrary">
<arg>${element}</arg>
<arg>timeout=2</arg>
<doc>Waits until the element ``locator`` is visible.</doc>
<kw name="Capture Page Screenshot" library="SeleniumLibrary">
<doc>Takes a screenshot of the current page and embeds it into a log file.</doc>
<msg timestamp="20210901 16:29:40.578" level="INFO" html="true">&lt;/td&gt;&lt;/tr&gt;&lt;tr&gt;&lt;td colspan="3"&gt;&lt;a href="selenium-screenshot-1.png"&gt;&lt;img src="selenium-screenshot-1.png" width="800px"&gt;&lt;/a&gt;</msg>
<status status="PASS" starttime="20210901 16:29:40.015" endtime="20210901 16:29:40.578"/>
</kw>
<msg timestamp="20210901 16:29:40.582" level="FAIL">Element '//span[@class="jsx-3383453402 body2 welcome-msg"]' not visible after 2 seconds.</msg>
<status status="FAIL" starttime="20210901 16:29:37.839" endtime="20210901 16:29:40.582"/>
</kw>
<msg timestamp="20210901 16:29:40.582" level="INFO">${status} = False</msg>
<status status="PASS" starttime="20210901 16:29:37.839" endtime="20210901 16:29:40.582"/>
</kw>
<if>
<branch type="IF" condition="'${status}' == 'True'">
<kw name="Exit For Loop" library="BuiltIn">
<doc>Stops executing the enclosing for loop.</doc>
<status status="NOT RUN" starttime="20210901 16:29:40.583" endtime="20210901 16:29:40.583"/>
</kw>
<status status="NOT RUN" starttime="20210901 16:29:40.583" endtime="20210901 16:29:40.583"/>
</branch>
<status status="PASS" starttime="20210901 16:29:40.582" endtime="20210901 16:29:40.583"/>
</if>
<status status="PASS" starttime="20210901 16:29:37.839" endtime="20210901 16:29:40.583"/>
</iter>
<iter>
<var name="${i}">1</var>
<kw name="Run Keyword And Return Status" library="BuiltIn">
<var>${status}</var>
<arg>Wait Until Element Is Visible</arg>
<arg>${element}</arg>
<arg>timeout=2</arg>
<doc>Runs the given keyword with given arguments and returns the status as a Boolean value.</doc>
<kw name="Wait Until Element Is Visible" library="SeleniumLibrary">
<arg>${element}</arg>
<arg>timeout=2</arg>
<doc>Waits until the element ``locator`` is visible.</doc>
<status status="PASS" starttime="20210901 16:29:40.584" endtime="20210901 16:29:42.497"/>
</kw>
<msg timestamp="20210901 16:29:42.497" level="INFO">${status} = True</msg>
<status status="PASS" starttime="20210901 16:29:40.583" endtime="20210901 16:29:42.497"/>
</kw>
<if>
<branch type="IF" condition="'${status}' == 'True'">
<kw name="Exit For Loop" library="BuiltIn">
<doc>Stops executing the enclosing for loop.</doc>
<msg timestamp="20210901 16:29:42.498" level="INFO">Exiting for loop altogether.</msg>
<status status="PASS" starttime="20210901 16:29:42.498" endtime="20210901 16:29:42.498"/>
</kw>
<status status="PASS" starttime="20210901 16:29:42.498" endtime="20210901 16:29:42.498"/>
</branch>
<status status="PASS" starttime="20210901 16:29:42.497" endtime="20210901 16:29:42.498"/>
</if>
<status status="PASS" starttime="20210901 16:29:40.583" endtime="20210901 16:29:42.498"/>
</iter>
<status status="PASS" starttime="20210901 16:29:37.839" endtime="20210901 16:29:42.498"/>
</for>
<status status="PASS" starttime="20210901 16:29:37.838" endtime="20210901 16:29:42.499"/>
</kw>
<kw name="Run Keyword And Return Status" library="BuiltIn">
<var>${qty_status}</var>
<arg>Wait Until Element Is Visible</arg>
<arg>${quantity_popup}</arg>
<doc>Runs the given keyword with given arguments and returns the status as a Boolean value.</doc>
<kw name="Wait Until Element Is Visible" library="SeleniumLibrary">
<arg>${quantity_popup}</arg>
<doc>Waits until the element ``locator`` is visible.</doc>
<status status="PASS" starttime="20210901 16:29:42.499" endtime="20210901 16:29:44.076"/>
</kw>
<msg timestamp="20210901 16:29:44.076" level="INFO">${qty_status} = True</msg>
<status status="PASS" starttime="20210901 16:29:42.499" endtime="20210901 16:29:44.076"/>
</kw>
<if>
<branch type="IF" condition="${qty_status} == True">
<kw name="Check Exist Element" library="UserDefineKeywords">
<arg>${quantity_popup}</arg>
<for flavor="IN RANGE">
<var>${i}</var>
<value>10</value>
<iter>
<var name="${i}">0</var>
<kw name="Run Keyword And Return Status" library="BuiltIn">
<var>${status}</var>
<arg>Wait Until Element Is Visible</arg>
<arg>${element}</arg>
<arg>timeout=2</arg>
<doc>Runs the given keyword with given arguments and returns the status as a Boolean value.</doc>
<kw name="Wait Until Element Is Visible" library="SeleniumLibrary">
<arg>${element}</arg>
<arg>timeout=2</arg>
<doc>Waits until the element ``locator`` is visible.</doc>
<status status="PASS" starttime="20210901 16:29:44.077" endtime="20210901 16:29:44.095"/>
</kw>
<msg timestamp="20210901 16:29:44.095" level="INFO">${status} = True</msg>
<status status="PASS" starttime="20210901 16:29:44.077" endtime="20210901 16:29:44.095"/>
</kw>
<if>
<branch type="IF" condition="'${status}' == 'True'">
<kw name="Exit For Loop" library="BuiltIn">
<doc>Stops executing the enclosing for loop.</doc>
<msg timestamp="20210901 16:29:44.096" level="INFO">Exiting for loop altogether.</msg>
<status status="PASS" starttime="20210901 16:29:44.096" endtime="20210901 16:29:44.096"/>
</kw>
<status status="PASS" starttime="20210901 16:29:44.095" endtime="20210901 16:29:44.096"/>
</branch>
<status status="PASS" starttime="20210901 16:29:44.095" endtime="20210901 16:29:44.096"/>
</if>
<status status="PASS" starttime="20210901 16:29:44.077" endtime="20210901 16:29:44.096"/>
</iter>
<status status="PASS" starttime="20210901 16:29:44.077" endtime="20210901 16:29:44.096"/>
</for>
<status status="PASS" starttime="20210901 16:29:44.076" endtime="20210901 16:29:44.097"/>
</kw>
<kw name="Get Text" library="SeleniumLibrary">
<var>${current_qty}</var>
<arg>${quantity_popup}</arg>
<doc>Returns the text value of the element identified by ``locator``.</doc>
<msg timestamp="20210901 16:29:44.130" level="INFO">${current_qty} = 3</msg>
<status status="PASS" starttime="20210901 16:29:44.097" endtime="20210901 16:29:44.130"/>
</kw>
<kw name="Convert To Integer" library="BuiltIn">
<var>${current_qty}</var>
<arg>${current_qty}</arg>
<doc>Converts the given item to an integer number.</doc>
<msg timestamp="20210901 16:29:44.131" level="INFO">${current_qty} = 3</msg>
<status status="PASS" starttime="20210901 16:29:44.130" endtime="20210901 16:29:44.131"/>
</kw>
<kw name="U - Click Element" library="UserDefineKeywords">
<arg>${shoppingBagBtn}</arg>
<kw name="Check Exist Element" library="UserDefineKeywords">
<arg>${element}</arg>
<for flavor="IN RANGE">
<var>${i}</var>
<value>10</value>
<iter>
<var name="${i}">0</var>
<kw name="Run Keyword And Return Status" library="BuiltIn">
<var>${status}</var>
<arg>Wait Until Element Is Visible</arg>
<arg>${element}</arg>
<arg>timeout=2</arg>
<doc>Runs the given keyword with given arguments and returns the status as a Boolean value.</doc>
<kw name="Wait Until Element Is Visible" library="SeleniumLibrary">
<arg>${element}</arg>
<arg>timeout=2</arg>
<doc>Waits until the element ``locator`` is visible.</doc>
<status status="PASS" starttime="20210901 16:29:44.133" endtime="20210901 16:29:44.157"/>
</kw>
<msg timestamp="20210901 16:29:44.157" level="INFO">${status} = True</msg>
<status status="PASS" starttime="20210901 16:29:44.133" endtime="20210901 16:29:44.157"/>
</kw>
<if>
<branch type="IF" condition="'${status}' == 'True'">
<kw name="Exit For Loop" library="BuiltIn">
<doc>Stops executing the enclosing for loop.</doc>
<msg timestamp="20210901 16:29:44.158" level="INFO">Exiting for loop altogether.</msg>
<status status="PASS" starttime="20210901 16:29:44.157" endtime="20210901 16:29:44.158"/>
</kw>
<status status="PASS" starttime="20210901 16:29:44.157" endtime="20210901 16:29:44.158"/>
</branch>
<status status="PASS" starttime="20210901 16:29:44.157" endtime="20210901 16:29:44.158"/>
</if>
<status status="PASS" starttime="20210901 16:29:44.132" endtime="20210901 16:29:44.158"/>
</iter>
<status status="PASS" starttime="20210901 16:29:44.132" endtime="20210901 16:29:44.158"/>
</for>
<status status="PASS" starttime="20210901 16:29:44.132" endtime="20210901 16:29:44.158"/>
</kw>
<kw name="Click Element" library="SeleniumLibrary">
<arg>${element}</arg>
<doc>Click the element identified by ``locator``.</doc>
<msg timestamp="20210901 16:29:44.159" level="INFO">Clicking element '//header//li[@data-cy="nav_user__cart"]'.</msg>
<status status="PASS" starttime="20210901 16:29:44.159" endtime="20210901 16:29:44.332"/>
</kw>
<status status="PASS" starttime="20210901 16:29:44.131" endtime="20210901 16:29:44.333"/>
</kw>
<kw name="Clear All Product In Shopping Bag" library="UserDefineKeywords">
<kw name="Check Exist Element" library="UserDefineKeywords">
<arg>${removeProductElements}</arg>
<for flavor="IN RANGE">
<var>${i}</var>
<value>10</value>
<iter>
<var name="${i}">0</var>
<kw name="Run Keyword And Return Status" library="BuiltIn">
<var>${status}</var>
<arg>Wait Until Element Is Visible</arg>
<arg>${element}</arg>
<arg>timeout=2</arg>
<doc>Runs the given keyword with given arguments and returns the status as a Boolean value.</doc>
<kw name="Wait Until Element Is Visible" library="SeleniumLibrary">
<arg>${element}</arg>
<arg>timeout=2</arg>
<doc>Waits until the element ``locator`` is visible.</doc>
<status status="PASS" starttime="20210901 16:29:44.334" endtime="20210901 16:29:44.406"/>
</kw>
<msg timestamp="20210901 16:29:44.406" level="INFO">${status} = True</msg>
<status status="PASS" starttime="20210901 16:29:44.334" endtime="20210901 16:29:44.406"/>
</kw>
<if>
<branch type="IF" condition="'${status}' == 'True'">
<kw name="Exit For Loop" library="BuiltIn">
<doc>Stops executing the enclosing for loop.</doc>
<msg timestamp="20210901 16:29:44.408" level="INFO">Exiting for loop altogether.</msg>
<status status="PASS" starttime="20210901 16:29:44.407" endtime="20210901 16:29:44.409"/>
</kw>
<status status="PASS" starttime="20210901 16:29:44.407" endtime="20210901 16:29:44.409"/>
</branch>
<status status="PASS" starttime="20210901 16:29:44.407" endtime="20210901 16:29:44.409"/>
</if>
<status status="PASS" starttime="20210901 16:29:44.334" endtime="20210901 16:29:44.409"/>
</iter>
<status status="PASS" starttime="20210901 16:29:44.334" endtime="20210901 16:29:44.409"/>
</for>
<status status="PASS" starttime="20210901 16:29:44.333" endtime="20210901 16:29:44.409"/>
</kw>
<kw name="Get Element Count" library="SeleniumLibrary">
<var>${removeElementsSize}</var>
<arg>${removeProductElements}</arg>
<doc>Returns the number of elements matching ``locator``.</doc>
<msg timestamp="20210901 16:29:44.422" level="INFO">${removeElementsSize} = 2</msg>
<status status="PASS" starttime="20210901 16:29:44.410" endtime="20210901 16:29:44.422"/>
</kw>
<for flavor="IN RANGE">
<var>${i}</var>
<value>${removeElementsSize}</value>
<iter>
<var name="${i}">0</var>
<kw name="Check Exist Element" library="UserDefineKeywords">
<arg>${removeProductElementBtn}</arg>
<for flavor="IN RANGE">
<var>${i}</var>
<value>10</value>
<iter>
<var name="${i}">0</var>
<kw name="Run Keyword And Return Status" library="BuiltIn">
<var>${status}</var>
<arg>Wait Until Element Is Visible</arg>
<arg>${element}</arg>
<arg>timeout=2</arg>
<doc>Runs the given keyword with given arguments and returns the status as a Boolean value.</doc>
<kw name="Wait Until Element Is Visible" library="SeleniumLibrary">
<arg>${element}</arg>
<arg>timeout=2</arg>
<doc>Waits until the element ``locator`` is visible.</doc>
<status status="PASS" starttime="20210901 16:29:44.424" endtime="20210901 16:29:44.452"/>
</kw>
<msg timestamp="20210901 16:29:44.452" level="INFO">${status} = True</msg>
<status status="PASS" starttime="20210901 16:29:44.423" endtime="20210901 16:29:44.452"/>
</kw>
<if>
<branch type="IF" condition="'${status}' == 'True'">
<kw name="Exit For Loop" library="BuiltIn">
<doc>Stops executing the enclosing for loop.</doc>
<msg timestamp="20210901 16:29:44.453" level="INFO">Exiting for loop altogether.</msg>
<status status="PASS" starttime="20210901 16:29:44.453" endtime="20210901 16:29:44.454"/>
</kw>
<status status="PASS" starttime="20210901 16:29:44.453" endtime="20210901 16:29:44.454"/>
</branch>
<status status="PASS" starttime="20210901 16:29:44.452" endtime="20210901 16:29:44.454"/>
</if>
<status status="PASS" starttime="20210901 16:29:44.423" endtime="20210901 16:29:44.454"/>
</iter>
<status status="PASS" starttime="20210901 16:29:44.423" endtime="20210901 16:29:44.454"/>
</for>
<status status="PASS" starttime="20210901 16:29:44.423" endtime="20210901 16:29:44.455"/>
</kw>
<kw name="U - Click Element" library="UserDefineKeywords">
<arg>${removeProductElementBtn}</arg>
<kw name="Check Exist Element" library="UserDefineKeywords">
<arg>${element}</arg>
<for flavor="IN RANGE">
<var>${i}</var>
<value>10</value>
<iter>
<var name="${i}">0</var>
<kw name="Run Keyword And Return Status" library="BuiltIn">
<var>${status}</var>
<arg>Wait Until Element Is Visible</arg>
<arg>${element}</arg>
<arg>timeout=2</arg>
<doc>Runs the given keyword with given arguments and returns the status as a Boolean value.</doc>
<kw name="Wait Until Element Is Visible" library="SeleniumLibrary">
<arg>${element}</arg>
<arg>timeout=2</arg>
<doc>Waits until the element ``locator`` is visible.</doc>
<status status="PASS" starttime="20210901 16:29:44.457" endtime="20210901 16:29:44.494"/>
</kw>
<msg timestamp="20210901 16:29:44.495" level="INFO">${status} = True</msg>
<status status="PASS" starttime="20210901 16:29:44.456" endtime="20210901 16:29:44.495"/>
</kw>
<if>
<branch type="IF" condition="'${status}' == 'True'">
<kw name="Exit For Loop" library="BuiltIn">
<doc>Stops executing the enclosing for loop.</doc>
<msg timestamp="20210901 16:29:44.495" level="INFO">Exiting for loop altogether.</msg>
<status status="PASS" starttime="20210901 16:29:44.495" endtime="20210901 16:29:44.496"/>
</kw>
<status status="PASS" starttime="20210901 16:29:44.495" endtime="20210901 16:29:44.496"/>
</branch>
<status status="PASS" starttime="20210901 16:29:44.495" endtime="20210901 16:29:44.496"/>
</if>
<status status="PASS" starttime="20210901 16:29:44.456" endtime="20210901 16:29:44.496"/>
</iter>
<status status="PASS" starttime="20210901 16:29:44.456" endtime="20210901 16:29:44.496"/>
</for>
<status status="PASS" starttime="20210901 16:29:44.455" endtime="20210901 16:29:44.496"/>
</kw>
<kw name="Click Element" library="SeleniumLibrary">
<arg>${element}</arg>
<doc>Click the element identified by ``locator``.</doc>
<msg timestamp="20210901 16:29:44.497" level="INFO">Clicking element '(//div[contains(@class, "cart-remove")])[1]'.</msg>
<status status="PASS" starttime="20210901 16:29:44.496" endtime="20210901 16:29:44.597"/>
</kw>
<status status="PASS" starttime="20210901 16:29:44.455" endtime="20210901 16:29:44.597"/>
</kw>
<status status="PASS" starttime="20210901 16:29:44.422" endtime="20210901 16:29:44.597"/>
</iter>
<iter>
<var name="${i}">1</var>
<kw name="Check Exist Element" library="UserDefineKeywords">
<arg>${removeProductElementBtn}</arg>
<for flavor="IN RANGE">
<var>${i}</var>
<value>10</value>
<iter>
<var name="${i}">0</var>
<kw name="Run Keyword And Return Status" library="BuiltIn">
<var>${status}</var>
<arg>Wait Until Element Is Visible</arg>
<arg>${element}</arg>
<arg>timeout=2</arg>
<doc>Runs the given keyword with given arguments and returns the status as a Boolean value.</doc>
<kw name="Wait Until Element Is Visible" library="SeleniumLibrary">
<arg>${element}</arg>
<arg>timeout=2</arg>
<doc>Waits until the element ``locator`` is visible.</doc>
<status status="PASS" starttime="20210901 16:29:44.599" endtime="20210901 16:29:45.485"/>
</kw>
<msg timestamp="20210901 16:29:45.485" level="INFO">${status} = True</msg>
<status status="PASS" starttime="20210901 16:29:44.598" endtime="20210901 16:29:45.485"/>
</kw>
<if>
<branch type="IF" condition="'${status}' == 'True'">
<kw name="Exit For Loop" library="BuiltIn">
<doc>Stops executing the enclosing for loop.</doc>
<msg timestamp="20210901 16:29:45.486" level="INFO">Exiting for loop altogether.</msg>
<status status="PASS" starttime="20210901 16:29:45.485" endtime="20210901 16:29:45.486"/>
</kw>
<status status="PASS" starttime="20210901 16:29:45.485" endtime="20210901 16:29:45.486"/>
</branch>
<status status="PASS" starttime="20210901 16:29:45.485" endtime="20210901 16:29:45.486"/>
</if>
<status status="PASS" starttime="20210901 16:29:44.598" endtime="20210901 16:29:45.486"/>
</iter>
<status status="PASS" starttime="20210901 16:29:44.598" endtime="20210901 16:29:45.487"/>
</for>
<status status="PASS" starttime="20210901 16:29:44.598" endtime="20210901 16:29:45.487"/>
</kw>
<kw name="U - Click Element" library="UserDefineKeywords">
<arg>${removeProductElementBtn}</arg>
<kw name="Check Exist Element" library="UserDefineKeywords">
<arg>${element}</arg>
<for flavor="IN RANGE">
<var>${i}</var>
<value>10</value>
<iter>
<var name="${i}">0</var>
<kw name="Run Keyword And Return Status" library="BuiltIn">
<var>${status}</var>
<arg>Wait Until Element Is Visible</arg>
<arg>${element}</arg>
<arg>timeout=2</arg>
<doc>Runs the given keyword with given arguments and returns the status as a Boolean value.</doc>
<kw name="Wait Until Element Is Visible" library="SeleniumLibrary">
<arg>${element}</arg>
<arg>timeout=2</arg>
<doc>Waits until the element ``locator`` is visible.</doc>
<status status="PASS" starttime="20210901 16:29:45.489" endtime="20210901 16:29:45.510"/>
</kw>
<msg timestamp="20210901 16:29:45.510" level="INFO">${status} = True</msg>
<status status="PASS" starttime="20210901 16:29:45.488" endtime="20210901 16:29:45.510"/>
</kw>
<if>
<branch type="IF" condition="'${status}' == 'True'">
<kw name="Exit For Loop" library="BuiltIn">
<doc>Stops executing the enclosing for loop.</doc>
<msg timestamp="20210901 16:29:45.510" level="INFO">Exiting for loop altogether.</msg>
<status status="PASS" starttime="20210901 16:29:45.510" endtime="20210901 16:29:45.511"/>
</kw>
<status status="PASS" starttime="20210901 16:29:45.510" endtime="20210901 16:29:45.511"/>
</branch>
<status status="PASS" starttime="20210901 16:29:45.510" endtime="20210901 16:29:45.511"/>
</if>
<status status="PASS" starttime="20210901 16:29:45.488" endtime="20210901 16:29:45.511"/>
</iter>
<status status="PASS" starttime="20210901 16:29:45.488" endtime="20210901 16:29:45.511"/>
</for>
<status status="PASS" starttime="20210901 16:29:45.487" endtime="20210901 16:29:45.511"/>
</kw>
<kw name="Click Element" library="SeleniumLibrary">
<arg>${element}</arg>
<doc>Click the element identified by ``locator``.</doc>
<msg timestamp="20210901 16:29:45.512" level="INFO">Clicking element '(//div[contains(@class, "cart-remove")])[1]'.</msg>
<status status="PASS" starttime="20210901 16:29:45.511" endtime="20210901 16:29:45.593"/>
</kw>
<status status="PASS" starttime="20210901 16:29:45.487" endtime="20210901 16:29:45.594"/>
</kw>
<status status="PASS" starttime="20210901 16:29:44.597" endtime="20210901 16:29:45.594"/>
</iter>
<status status="PASS" starttime="20210901 16:29:44.422" endtime="20210901 16:29:45.594"/>
</for>
<kw name="Check Exist Element" library="UserDefineKeywords">
<arg>${emptyCart}</arg>
<for flavor="IN RANGE">
<var>${i}</var>
<value>10</value>
<iter>
<var name="${i}">0</var>
<kw name="Run Keyword And Return Status" library="BuiltIn">
<var>${status}</var>
<arg>Wait Until Element Is Visible</arg>
<arg>${element}</arg>
<arg>timeout=2</arg>
<doc>Runs the given keyword with given arguments and returns the status as a Boolean value.</doc>
<kw name="Wait Until Element Is Visible" library="SeleniumLibrary">
<arg>${element}</arg>
<arg>timeout=2</arg>
<doc>Waits until the element ``locator`` is visible.</doc>
<status status="PASS" starttime="20210901 16:29:45.595" endtime="20210901 16:29:45.847"/>
</kw>
<msg timestamp="20210901 16:29:45.847" level="INFO">${status} = True</msg>
<status status="PASS" starttime="20210901 16:29:45.595" endtime="20210901 16:29:45.847"/>
</kw>
<if>
<branch type="IF" condition="'${status}' == 'True'">
<kw name="Exit For Loop" library="BuiltIn">
<doc>Stops executing the enclosing for loop.</doc>
<msg timestamp="20210901 16:29:45.848" level="INFO">Exiting for loop altogether.</msg>
<status status="PASS" starttime="20210901 16:29:45.848" endtime="20210901 16:29:45.848"/>
</kw>
<status status="PASS" starttime="20210901 16:29:45.848" endtime="20210901 16:29:45.848"/>
</branch>
<status status="PASS" starttime="20210901 16:29:45.847" endtime="20210901 16:29:45.848"/>
</if>
<status status="PASS" starttime="20210901 16:29:45.595" endtime="20210901 16:29:45.848"/>
</iter>
<status status="PASS" starttime="20210901 16:29:45.594" endtime="20210901 16:29:45.849"/>
</for>
<status status="PASS" starttime="20210901 16:29:45.594" endtime="20210901 16:29:45.849"/>
</kw>
<status status="PASS" starttime="20210901 16:29:44.333" endtime="20210901 16:29:45.849"/>
</kw>
<kw name="U - Click Element" library="UserDefineKeywords">
<arg>${close_cart_button}</arg>
<kw name="Check Exist Element" library="UserDefineKeywords">
<arg>${element}</arg>
<for flavor="IN RANGE">
<var>${i}</var>
<value>10</value>
<iter>
<var name="${i}">0</var>
<kw name="Run Keyword And Return Status" library="BuiltIn">
<var>${status}</var>
<arg>Wait Until Element Is Visible</arg>
<arg>${element}</arg>
<arg>timeout=2</arg>
<doc>Runs the given keyword with given arguments and returns the status as a Boolean value.</doc>
<kw name="Wait Until Element Is Visible" library="SeleniumLibrary">
<arg>${element}</arg>
<arg>timeout=2</arg>
<doc>Waits until the element ``locator`` is visible.</doc>
<status status="PASS" starttime="20210901 16:29:45.850" endtime="20210901 16:29:45.876"/>
</kw>
<msg timestamp="20210901 16:29:45.876" level="INFO">${status} = True</msg>
<status status="PASS" starttime="20210901 16:29:45.850" endtime="20210901 16:29:45.876"/>
</kw>
<if>
<branch type="IF" condition="'${status}' == 'True'">
<kw name="Exit For Loop" library="BuiltIn">
<doc>Stops executing the enclosing for loop.</doc>
<msg timestamp="20210901 16:29:45.877" level="INFO">Exiting for loop altogether.</msg>
<status status="PASS" starttime="20210901 16:29:45.877" endtime="20210901 16:29:45.877"/>
</kw>
<status status="PASS" starttime="20210901 16:29:45.876" endtime="20210901 16:29:45.877"/>
</branch>
<status status="PASS" starttime="20210901 16:29:45.876" endtime="20210901 16:29:45.877"/>
</if>
<status status="PASS" starttime="20210901 16:29:45.850" endtime="20210901 16:29:45.877"/>
</iter>
<status status="PASS" starttime="20210901 16:29:45.850" endtime="20210901 16:29:45.877"/>
</for>
<status status="PASS" starttime="20210901 16:29:45.849" endtime="20210901 16:29:45.878"/>
</kw>
<kw name="Click Element" library="SeleniumLibrary">
<arg>${element}</arg>
<doc>Click the element identified by ``locator``.</doc>
<msg timestamp="20210901 16:29:45.878" level="INFO">Clicking element '//span[@class="jsx-1694967188 pomelo-icon svg-close pomelo-icon-clickable"]'.</msg>
<status status="PASS" starttime="20210901 16:29:45.878" endtime="20210901 16:29:45.931"/>
</kw>
<status status="PASS" starttime="20210901 16:29:45.849" endtime="20210901 16:29:45.932"/>
</kw>
<status status="PASS" starttime="20210901 16:29:44.076" endtime="20210901 16:29:45.932"/>
</branch>
<status status="PASS" starttime="20210901 16:29:44.076" endtime="20210901 16:29:45.932"/>
</if>
<status status="PASS" starttime="20210901 16:29:37.838" endtime="20210901 16:29:45.932"/>
</kw>
<kw name="Add Product To Shopping Cart" library="UserDefineKeywords">
<kw name="Run Keyword And Return Status" library="BuiltIn">
<var>${error_status}</var>
<arg>Wait Until Element Is Visible</arg>
<arg>${error_popup}</arg>
<doc>Runs the given keyword with given arguments and returns the status as a Boolean value.</doc>
<kw name="Wait Until Element Is Visible" library="SeleniumLibrary">
<arg>${error_popup}</arg>
<doc>Waits until the element ``locator`` is visible.</doc>
<kw name="Capture Page Screenshot" library="SeleniumLibrary">
<doc>Takes a screenshot of the current page and embeds it into a log file.</doc>
<msg timestamp="20210901 16:29:51.326" level="INFO" html="true">&lt;/td&gt;&lt;/tr&gt;&lt;tr&gt;&lt;td colspan="3"&gt;&lt;a href="selenium-screenshot-2.png"&gt;&lt;img src="selenium-screenshot-2.png" width="800px"&gt;&lt;/a&gt;</msg>
<status status="PASS" starttime="20210901 16:29:50.981" endtime="20210901 16:29:51.327"/>
</kw>
<msg timestamp="20210901 16:29:51.328" level="FAIL">Element '//div[@class="jsx-3593321886 pml-dialog__container"]' not visible after 5 seconds.</msg>
<status status="FAIL" starttime="20210901 16:29:45.934" endtime="20210901 16:29:51.328"/>
</kw>
<msg timestamp="20210901 16:29:51.328" level="INFO">${error_status} = False</msg>
<status status="PASS" starttime="20210901 16:29:45.933" endtime="20210901 16:29:51.329"/>
</kw>
<if>
<branch type="IF" condition="${error_status} == True">
<kw name="Reload Page" library="SeleniumLibrary">
<doc>Simulates user reloading page.</doc>
<status status="NOT RUN" starttime="20210901 16:29:51.329" endtime="20210901 16:29:51.329"/>
</kw>
<status status="NOT RUN" starttime="20210901 16:29:51.329" endtime="20210901 16:29:51.329"/>
</branch>
<status status="PASS" starttime="20210901 16:29:51.329" endtime="20210901 16:29:51.329"/>
</if>
<kw name="Check Exist Element" library="UserDefineKeywords">
<arg>${shopBtn}</arg>
<for flavor="IN RANGE">
<var>${i}</var>
<value>10</value>
<iter>
<var name="${i}">0</var>
<kw name="Run Keyword And Return Status" library="BuiltIn">
<var>${status}</var>
<arg>Wait Until Element Is Visible</arg>
<arg>${element}</arg>
<arg>timeout=2</arg>
<doc>Runs the given keyword with given arguments and returns the status as a Boolean value.</doc>
<kw name="Wait Until Element Is Visible" library="SeleniumLibrary">
<arg>${element}</arg>
<arg>timeout=2</arg>
<doc>Waits until the element ``locator`` is visible.</doc>
<status status="PASS" starttime="20210901 16:29:51.331" endtime="20210901 16:29:51.352"/>
</kw>
<msg timestamp="20210901 16:29:51.353" level="INFO">${status} = True</msg>
<status status="PASS" starttime="20210901 16:29:51.330" endtime="20210901 16:29:51.353"/>
</kw>
<if>
<branch type="IF" condition="'${status}' == 'True'">
<kw name="Exit For Loop" library="BuiltIn">
<doc>Stops executing the enclosing for loop.</doc>
<msg timestamp="20210901 16:29:51.353" level="INFO">Exiting for loop altogether.</msg>
<status status="PASS" starttime="20210901 16:29:51.353" endtime="20210901 16:29:51.354"/>
</kw>
<status status="PASS" starttime="20210901 16:29:51.353" endtime="20210901 16:29:51.354"/>
</branch>
<status status="PASS" starttime="20210901 16:29:51.353" endtime="20210901 16:29:51.354"/>
</if>
<status status="PASS" starttime="20210901 16:29:51.330" endtime="20210901 16:29:51.354"/>
</iter>
<status status="PASS" starttime="20210901 16:29:51.330" endtime="20210901 16:29:51.354"/>
</for>
<status status="PASS" starttime="20210901 16:29:51.329" endtime="20210901 16:29:51.354"/>
</kw>
<kw name="Set Variable" library="BuiltIn">
<var>${previousCategory}</var>
<arg>${EMPTY}</arg>
<doc>Returns the given values which can then be assigned to a variables.</doc>
<msg timestamp="20210901 16:29:51.356" level="INFO">${previousCategory} = </msg>
<status status="PASS" starttime="20210901 16:29:51.354" endtime="20210901 16:29:51.356"/>
</kw>
<for flavor="IN">
<var>${item}</var>
<value>@{testCaseDataDetail}</value>
<iter>
<var name="${item}">{'Test_Case_ID': 'TC01', 'Product_Category': 'Dresses', 'Product_Name': 'Gingham Graphic Print Dress - Black/White', 'Size': 'S', 'Edited_Size': 'M', 'Quantity': '1', 'Row_Index': 2}</var>
<if>
<branch type="IF" condition="'${item}[Product_Category]' != '${previousCategory}'">
<kw name="Click Shop Button" library="UserDefineKeywords">
<kw name="U - Click Element" library="UserDefineKeywords">
<arg>${shopBtn}</arg>
<kw name="Check Exist Element" library="UserDefineKeywords">
<arg>${element}</arg>
<for flavor="IN RANGE">
<var>${i}</var>
<value>10</value>
<iter>
<var name="${i}">0</var>
<kw name="Run Keyword And Return Status" library="BuiltIn">
<var>${status}</var>
<arg>Wait Until Element Is Visible</arg>
<arg>${element}</arg>
<arg>timeout=2</arg>
<doc>Runs the given keyword with given arguments and returns the status as a Boolean value.</doc>
<kw name="Wait Until Element Is Visible" library="SeleniumLibrary">
<arg>${element}</arg>
<arg>timeout=2</arg>
<doc>Waits until the element ``locator`` is visible.</doc>
<status status="PASS" starttime="20210901 16:29:51.359" endtime="20210901 16:29:51.380"/>
</kw>
<msg timestamp="20210901 16:29:51.380" level="INFO">${status} = True</msg>
<status status="PASS" starttime="20210901 16:29:51.359" endtime="20210901 16:29:51.380"/>
</kw>
<if>
<branch type="IF" condition="'${status}' == 'True'">
<kw name="Exit For Loop" library="BuiltIn">
<doc>Stops executing the enclosing for loop.</doc>
<msg timestamp="20210901 16:29:51.380" level="INFO">Exiting for loop altogether.</msg>
<status status="PASS" starttime="20210901 16:29:51.380" endtime="20210901 16:29:51.381"/>
</kw>
<status status="PASS" starttime="20210901 16:29:51.380" endtime="20210901 16:29:51.381"/>
</branch>
<status status="PASS" starttime="20210901 16:29:51.380" endtime="20210901 16:29:51.381"/>
</if>
<status status="PASS" starttime="20210901 16:29:51.358" endtime="20210901 16:29:51.381"/>
</iter>
<status status="PASS" starttime="20210901 16:29:51.358" endtime="20210901 16:29:51.381"/>
</for>
<status status="PASS" starttime="20210901 16:29:51.358" endtime="20210901 16:29:51.382"/>
</kw>
<kw name="Click Element" library="SeleniumLibrary">
<arg>${element}</arg>
<doc>Click the element identified by ``locator``.</doc>
<msg timestamp="20210901 16:29:51.382" level="INFO">Clicking element '//header//Button/span[contains(text(), "Shop")]'.</msg>
<status status="PASS" starttime="20210901 16:29:51.382" endtime="20210901 16:29:51.436"/>
</kw>
<status status="PASS" starttime="20210901 16:29:51.357" endtime="20210901 16:29:51.436"/>
</kw>
<kw name="Check Exist Element" library="UserDefineKeywords">
<arg>${categoryList}</arg>
<for flavor="IN RANGE">
<var>${i}</var>
<value>10</value>
<iter>
<var name="${i}">0</var>
<kw name="Run Keyword And Return Status" library="BuiltIn">
<var>${status}</var>
<arg>Wait Until Element Is Visible</arg>
<arg>${element}</arg>
<arg>timeout=2</arg>
<doc>Runs the given keyword with given arguments and returns the status as a Boolean value.</doc>
<kw name="Wait Until Element Is Visible" library="SeleniumLibrary">
<arg>${element}</arg>
<arg>timeout=2</arg>
<doc>Waits until the element ``locator`` is visible.</doc>
<status status="PASS" starttime="20210901 16:29:51.437" endtime="20210901 16:29:51.693"/>
</kw>
<msg timestamp="20210901 16:29:51.693" level="INFO">${status} = True</msg>
<status status="PASS" starttime="20210901 16:29:51.437" endtime="20210901 16:29:51.693"/>
</kw>
<if>
<branch type="IF" condition="'${status}' == 'True'">
<kw name="Exit For Loop" library="BuiltIn">
<doc>Stops executing the enclosing for loop.</doc>
<msg timestamp="20210901 16:29:51.694" level="INFO">Exiting for loop altogether.</msg>
<status status="PASS" starttime="20210901 16:29:51.694" endtime="20210901 16:29:51.694"/>
</kw>
<status status="PASS" starttime="20210901 16:29:51.693" endtime="20210901 16:29:51.694"/>
</branch>
<status status="PASS" starttime="20210901 16:29:51.693" endtime="20210901 16:29:51.694"/>
</if>
<status status="PASS" starttime="20210901 16:29:51.437" endtime="20210901 16:29:51.694"/>
</iter>
<status status="PASS" starttime="20210901 16:29:51.437" endtime="20210901 16:29:51.694"/>
</for>
<status status="PASS" starttime="20210901 16:29:51.436" endtime="20210901 16:29:51.694"/>
</kw>
<status status="PASS" starttime="20210901 16:29:51.357" endtime="20210901 16:29:51.695"/>
</kw>
<kw name="Replace String" library="String">
<var>${categoryLinkSelect}</var>
<arg>${categoryLink}</arg>
<arg>{{category}}</arg>
<arg>${item}[Product_Category]</arg>
<doc>Replaces ``search_for`` in the given ``string`` with ``replace_with``.</doc>
<msg timestamp="20210901 16:29:51.695" level="INFO">${categoryLinkSelect} = //nav[contains(@class, "menu-link_tree-content dropdown_list__active")]//ul//li//a[text()="Dresses"]</msg>
<status status="PASS" starttime="20210901 16:29:51.695" endtime="20210901 16:29:51.695"/>
</kw>
<kw name="U - Click Element" library="UserDefineKeywords">
<arg>${categoryLinkSelect}</arg>
<kw name="Check Exist Element" library="UserDefineKeywords">
<arg>${element}</arg>
<for flavor="IN RANGE">
<var>${i}</var>
<value>10</value>
<iter>
<var name="${i}">0</var>
<kw name="Run Keyword And Return Status" library="BuiltIn">
<var>${status}</var>
<arg>Wait Until Element Is Visible</arg>
<arg>${element}</arg>
<arg>timeout=2</arg>
<doc>Runs the given keyword with given arguments and returns the status as a Boolean value.</doc>
<kw name="Wait Until Element Is Visible" library="SeleniumLibrary">
<arg>${element}</arg>
<arg>timeout=2</arg>
<doc>Waits until the element ``locator`` is visible.</doc>
<status status="PASS" starttime="20210901 16:29:51.696" endtime="20210901 16:29:51.719"/>
</kw>
<msg timestamp="20210901 16:29:51.720" level="INFO">${status} = True</msg>
<status status="PASS" starttime="20210901 16:29:51.696" endtime="20210901 16:29:51.720"/>
</kw>
<if>
<branch type="IF" condition="'${status}' == 'True'">
<kw name="Exit For Loop" library="BuiltIn">
<doc>Stops executing the enclosing for loop.</doc>
<msg timestamp="20210901 16:29:51.720" level="INFO">Exiting for loop altogether.</msg>
<status status="PASS" starttime="20210901 16:29:51.720" endtime="20210901 16:29:51.721"/>
</kw>
<status status="PASS" starttime="20210901 16:29:51.720" endtime="20210901 16:29:51.721"/>
</branch>
<status status="PASS" starttime="20210901 16:29:51.720" endtime="20210901 16:29:51.721"/>
</if>
<status status="PASS" starttime="20210901 16:29:51.696" endtime="20210901 16:29:51.721"/>
</iter>
<status status="PASS" starttime="20210901 16:29:51.696" endtime="20210901 16:29:51.721"/>
</for>
<status status="PASS" starttime="20210901 16:29:51.696" endtime="20210901 16:29:51.721"/>
</kw>
<kw name="Click Element" library="SeleniumLibrary">
<arg>${element}</arg>
<doc>Click the element identified by ``locator``.</doc>
<msg timestamp="20210901 16:29:51.722" level="INFO">Clicking element '//nav[contains(@class, "menu-link_tree-content dropdown_list__active")]//ul//li//a[text()="Dresses"]'.</msg>
<status status="PASS" starttime="20210901 16:29:51.721" endtime="20210901 16:29:51.791"/>
</kw>
<status status="PASS" starttime="20210901 16:29:51.695" endtime="20210901 16:29:51.792"/>
</kw>
<kw name="Check Exist Element" library="UserDefineKeywords">
<arg>//div[contains(@class, "product-item")]</arg>
<for flavor="IN RANGE">
<var>${i}</var>
<value>10</value>
<iter>
<var name="${i}">0</var>
<kw name="Run Keyword And Return Status" library="BuiltIn">
<var>${status}</var>
<arg>Wait Until Element Is Visible</arg>
<arg>${element}</arg>
<arg>timeout=2</arg>
<doc>Runs the given keyword with given arguments and returns the status as a Boolean value.</doc>
<kw name="Wait Until Element Is Visible" library="SeleniumLibrary">
<arg>${element}</arg>
<arg>timeout=2</arg>
<doc>Waits until the element ``locator`` is visible.</doc>
<status status="PASS" starttime="20210901 16:29:51.793" endtime="20210901 16:29:53.494"/>
</kw>
<msg timestamp="20210901 16:29:53.494" level="INFO">${status} = True</msg>
<status status="PASS" starttime="20210901 16:29:51.793" endtime="20210901 16:29:53.494"/>
</kw>
<if>
<branch type="IF" condition="'${status}' == 'True'">
<kw name="Exit For Loop" library="BuiltIn">
<doc>Stops executing the enclosing for loop.</doc>
<msg timestamp="20210901 16:29:53.495" level="INFO">Exiting for loop altogether.</msg>
<status status="PASS" starttime="20210901 16:29:53.495" endtime="20210901 16:29:53.495"/>
</kw>
<status status="PASS" starttime="20210901 16:29:53.495" endtime="20210901 16:29:53.495"/>
</branch>
<status status="PASS" starttime="20210901 16:29:53.495" endtime="20210901 16:29:53.496"/>
</if>
<status status="PASS" starttime="20210901 16:29:51.793" endtime="20210901 16:29:53.496"/>
</iter>
<status status="PASS" starttime="20210901 16:29:51.792" endtime="20210901 16:29:53.496"/>
</for>
<status status="PASS" starttime="20210901 16:29:51.792" endtime="20210901 16:29:53.496"/>
</kw>
<status status="PASS" starttime="20210901 16:29:51.357" endtime="20210901 16:29:53.496"/>
</branch>
<status status="PASS" starttime="20210901 16:29:51.356" endtime="20210901 16:29:53.496"/>
</if>
<kw name="Add Product To Cart" library="UserDefineKeywords">
<arg>${item}[Product_Name]</arg>
<arg>${item}[Size]</arg>
<kw name="Replace String" library="String">
<var>${addToCartBtn}</var>
<arg>${addToCartBtn}</arg>
<arg>{{productName}}</arg>
<arg>${productName}</arg>
<doc>Replaces ``search_for`` in the given ``string`` with ``replace_with``.</doc>
<msg timestamp="20210901 16:29:53.497" level="INFO">${addToCartBtn} = //div[contains(@class, "product-item")]//div[@class="product__link__description"]/a/span[text()="Gingham Graphic Print Dress - Black/White"]/../../..//div[@class="product-hover-interactions__add-to-ba...</msg>
<status status="PASS" starttime="20210901 16:29:53.497" endtime="20210901 16:29:53.497"/>
</kw>
<kw name="Replace String" library="String">
<var>${sizeBtn}</var>
<arg>${sizeBtn}</arg>
<arg>{{productName}}</arg>
<arg>${productName}</arg>
<doc>Replaces ``search_for`` in the given ``string`` with ``replace_with``.</doc>
<msg timestamp="20210901 16:29:53.497" level="INFO">${sizeBtn} = //div[contains(@class, "product-item")]//div[@class="product__link__description"]/a/span[text()="Gingham Graphic Print Dress - Black/White"]/../../..//div[@class="product-hover-interactions__add-to-ba...</msg>
<status status="PASS" starttime="20210901 16:29:53.497" endtime="20210901 16:29:53.498"/>
</kw>
<kw name="Replace String" library="String">
<var>${sizeBtn}</var>
<arg>${sizeBtn}</arg>
<arg>{{size}}</arg>
<arg>${size}</arg>
<doc>Replaces ``search_for`` in the given ``string`` with ``replace_with``.</doc>
<msg timestamp="20210901 16:29:53.498" level="INFO">${sizeBtn} = //div[contains(@class, "product-item")]//div[@class="product__link__description"]/a/span[text()="Gingham Graphic Print Dress - Black/White"]/../../..//div[@class="product-hover-interactions__add-to-ba...</msg>
<status status="PASS" starttime="20210901 16:29:53.498" endtime="20210901 16:29:53.498"/>
</kw>
<kw name="Replace String" library="String">
<var>${optionSizeBtn}</var>
<arg>${optionSizeBtn}</arg>
<arg>{{productName}}</arg>
<arg>${productName}</arg>
<doc>Replaces ``search_for`` in the given ``string`` with ``replace_with``.</doc>
<msg timestamp="20210901 16:29:53.498" level="INFO">${optionSizeBtn} = //div[contains(@class, "product-item")]//div[@class="product__link__description"]/a/span[text()="Gingham Graphic Print Dress - Black/White"]/../../..//div[@class="product-hover-interactions__add-to-ba...</msg>
<status status="PASS" starttime="20210901 16:29:53.498" endtime="20210901 16:29:53.499"/>
</kw>
<kw name="Mouse Over" library="SeleniumLibrary">
<arg>${addToCartBtn}</arg>
<doc>Simulates hovering the mouse over the element ``locator``.</doc>
<msg timestamp="20210901 16:29:53.499" level="INFO">Simulating Mouse Over on element '//div[contains(@class, "product-item")]//div[@class="product__link__description"]/a/span[text()="Gingham Graphic Print Dress - Black/White"]/../../..//div[@class="product-hover-interactions__add-to-bag"]'.</msg>
<status status="PASS" starttime="20210901 16:29:53.499" endtime="20210901 16:29:53.804"/>
</kw>
<kw name="Check Exist Element" library="UserDefineKeywords">
<arg>${sizeBtn}</arg>
<for flavor="IN RANGE">
<var>${i}</var>
<value>10</value>
<iter>
<var name="${i}">0</var>
<kw name="Run Keyword And Return Status" library="BuiltIn">
<var>${status}</var>
<arg>Wait Until Element Is Visible</arg>
<arg>${element}</arg>
<arg>timeout=2</arg>
<doc>Runs the given keyword with given arguments and returns the status as a Boolean value.</doc>
<kw name="Wait Until Element Is Visible" library="SeleniumLibrary">
<arg>${element}</arg>
<arg>timeout=2</arg>
<doc>Waits until the element ``locator`` is visible.</doc>
<status status="PASS" starttime="20210901 16:29:53.806" endtime="20210901 16:29:53.834"/>
</kw>
<msg timestamp="20210901 16:29:53.834" level="INFO">${status} = True</msg>
<status status="PASS" starttime="20210901 16:29:53.806" endtime="20210901 16:29:53.834"/>
</kw>
<if>
<branch type="IF" condition="'${status}' == 'True'">
<kw name="Exit For Loop" library="BuiltIn">
<doc>Stops executing the enclosing for loop.</doc>
<msg timestamp="20210901 16:29:53.835" level="INFO">Exiting for loop altogether.</msg>
<status status="PASS" starttime="20210901 16:29:53.835" endtime="20210901 16:29:53.836"/>
</kw>
<status status="PASS" starttime="20210901 16:29:53.834" endtime="20210901 16:29:53.836"/>
</branch>
<status status="PASS" starttime="20210901 16:29:53.834" endtime="20210901 16:29:53.836"/>
</if>
<status status="PASS" starttime="20210901 16:29:53.806" endtime="20210901 16:29:53.836"/>
</iter>
<status status="PASS" starttime="20210901 16:29:53.805" endtime="20210901 16:29:53.836"/>
</for>
<status status="PASS" starttime="20210901 16:29:53.804" endtime="20210901 16:29:53.836"/>
</kw>
<kw name="Run Keyword And Return Status" library="BuiltIn">
<var>${status}</var>
<arg>Wait Until Element Is Visible</arg>
<arg>${sizeBtn}</arg>
<arg>timeout=5</arg>
<doc>Runs the given keyword with given arguments and returns the status as a Boolean value.</doc>
<kw name="Wait Until Element Is Visible" library="SeleniumLibrary">
<arg>${sizeBtn}</arg>
<arg>timeout=5</arg>
<doc>Waits until the element ``locator`` is visible.</doc>
<status status="PASS" starttime="20210901 16:29:53.837" endtime="20210901 16:29:53.861"/>
</kw>
<msg timestamp="20210901 16:29:53.861" level="INFO">${status} = True</msg>
<status status="PASS" starttime="20210901 16:29:53.836" endtime="20210901 16:29:53.861"/>
</kw>
<if>
<branch type="IF" condition="${status} != ${True}">
<kw name="U - Click Element" library="UserDefineKeywords">
<arg>${optionSizeBtn}</arg>
<status status="NOT RUN" starttime="20210901 16:29:53.861" endtime="20210901 16:29:53.861"/>
</kw>
<kw name="U - Click Element" library="UserDefineKeywords">
<arg>${sizeBtn}</arg>
<status status="NOT RUN" starttime="20210901 16:29:53.861" endtime="20210901 16:29:53.861"/>
</kw>
<status status="NOT RUN" starttime="20210901 16:29:53.861" endtime="20210901 16:29:53.861"/>
</branch>
<branch type="ELSE">
<kw name="U - Click Element" library="UserDefineKeywords">
<arg>${sizeBtn}</arg>
<kw name="Check Exist Element" library="UserDefineKeywords">
<arg>${element}</arg>
<for flavor="IN RANGE">
<var>${i}</var>
<value>10</value>
<iter>
<var name="${i}">0</var>
<kw name="Run Keyword And Return Status" library="BuiltIn">
<var>${status}</var>
<arg>Wait Until Element Is Visible</arg>
<arg>${element}</arg>
<arg>timeout=2</arg>
<doc>Runs the given keyword with given arguments and returns the status as a Boolean value.</doc>
<kw name="Wait Until Element Is Visible" library="SeleniumLibrary">
<arg>${element}</arg>
<arg>timeout=2</arg>
<doc>Waits until the element ``locator`` is visible.</doc>
<status status="PASS" starttime="20210901 16:29:53.863" endtime="20210901 16:29:53.885"/>
</kw>
<msg timestamp="20210901 16:29:53.885" level="INFO">${status} = True</msg>
<status status="PASS" starttime="20210901 16:29:53.863" endtime="20210901 16:29:53.885"/>
</kw>
<if>
<branch type="IF" condition="'${status}' == 'True'">
<kw name="Exit For Loop" library="BuiltIn">
<doc>Stops executing the enclosing for loop.</doc>
<msg timestamp="20210901 16:29:53.885" level="INFO">Exiting for loop altogether.</msg>
<status status="PASS" starttime="20210901 16:29:53.885" endtime="20210901 16:29:53.886"/>
</kw>
<status status="PASS" starttime="20210901 16:29:53.885" endtime="20210901 16:29:53.886"/>
</branch>
<status status="PASS" starttime="20210901 16:29:53.885" endtime="20210901 16:29:53.886"/>
</if>
<status status="PASS" starttime="20210901 16:29:53.863" endtime="20210901 16:29:53.886"/>
</iter>
<status status="PASS" starttime="20210901 16:29:53.862" endtime="20210901 16:29:53.886"/>
</for>
<status status="PASS" starttime="20210901 16:29:53.862" endtime="20210901 16:29:53.886"/>
</kw>
<kw name="Click Element" library="SeleniumLibrary">
<arg>${element}</arg>
<doc>Click the element identified by ``locator``.</doc>
<msg timestamp="20210901 16:29:53.887" level="INFO">Clicking element '//div[contains(@class, "product-item")]//div[@class="product__link__description"]/a/span[text()="Gingham Graphic Print Dress - Black/White"]/../../..//div[@class="product-hover-interactions__add-to-bag"]//span[text()="S"]'.</msg>
<status status="PASS" starttime="20210901 16:29:53.887" endtime="20210901 16:29:53.978"/>
</kw>
<status status="PASS" starttime="20210901 16:29:53.862" endtime="20210901 16:29:53.978"/>
</kw>
<status status="PASS" starttime="20210901 16:29:53.862" endtime="20210901 16:29:53.978"/>
</branch>
<status status="PASS" starttime="20210901 16:29:53.861" endtime="20210901 16:29:53.978"/>
</if>
<kw name="Check Exist Element" library="UserDefineKeywords">
<arg>//div[contains(@class, "cart-notice-container")]</arg>
<for flavor="IN RANGE">
<var>${i}</var>
<value>10</value>
<iter>
<var name="${i}">0</var>
<kw name="Run Keyword And Return Status" library="BuiltIn">
<var>${status}</var>
<arg>Wait Until Element Is Visible</arg>
<arg>${element}</arg>
<arg>timeout=2</arg>
<doc>Runs the given keyword with given arguments and returns the status as a Boolean value.</doc>
<kw name="Wait Until Element Is Visible" library="SeleniumLibrary">
<arg>${element}</arg>
<arg>timeout=2</arg>
<doc>Waits until the element ``locator`` is visible.</doc>
<status status="PASS" starttime="20210901 16:29:53.979" endtime="20210901 16:29:54.713"/>
</kw>
<msg timestamp="20210901 16:29:54.713" level="INFO">${status} = True</msg>
<status status="PASS" starttime="20210901 16:29:53.979" endtime="20210901 16:29:54.713"/>
</kw>
<if>
<branch type="IF" condition="'${status}' == 'True'">
<kw name="Exit For Loop" library="BuiltIn">
<doc>Stops executing the enclosing for loop.</doc>
<msg timestamp="20210901 16:29:54.714" level="INFO">Exiting for loop altogether.</msg>
<status status="PASS" starttime="20210901 16:29:54.714" endtime="20210901 16:29:54.714"/>
</kw>
<status status="PASS" starttime="20210901 16:29:54.714" endtime="20210901 16:29:54.714"/>
</branch>
<status status="PASS" starttime="20210901 16:29:54.713" endtime="20210901 16:29:54.714"/>
</if>
<status status="PASS" starttime="20210901 16:29:53.979" endtime="20210901 16:29:54.714"/>
</iter>
<status status="PASS" starttime="20210901 16:29:53.979" endtime="20210901 16:29:54.714"/>
</for>
<status status="PASS" starttime="20210901 16:29:53.978" endtime="20210901 16:29:54.715"/>
</kw>
<kw name="Run Keyword And Return Status" library="BuiltIn">
<var>${noticeBtn_status}</var>
<arg>Wait Until Element Is Visible</arg>
<arg>${closeNoticeBtn}</arg>
<arg>timeout=5</arg>
<doc>Runs the given keyword with given arguments and returns the status as a Boolean value.</doc>
<kw name="Wait Until Element Is Visible" library="SeleniumLibrary">
<arg>${closeNoticeBtn}</arg>
<arg>timeout=5</arg>
<doc>Waits until the element ``locator`` is visible.</doc>
<status status="PASS" starttime="20210901 16:29:54.715" endtime="20210901 16:29:54.748"/>
</kw>
<msg timestamp="20210901 16:29:54.748" level="INFO">${noticeBtn_status} = True</msg>
<status status="PASS" starttime="20210901 16:29:54.715" endtime="20210901 16:29:54.748"/>
</kw>
<if>
<branch type="IF" condition="${noticeBtn_status} == True">
<kw name="U - Click Element" library="UserDefineKeywords">
<arg>${closeNoticeBtn}</arg>
<kw name="Check Exist Element" library="UserDefineKeywords">
<arg>${element}</arg>
<for flavor="IN RANGE">
<var>${i}</var>
<value>10</value>
<iter>
<var name="${i}">0</var>
<kw name="Run Keyword And Return Status" library="BuiltIn">
<var>${status}</var>
<arg>Wait Until Element Is Visible</arg>
<arg>${element}</arg>
<arg>timeout=2</arg>
<doc>Runs the given keyword with given arguments and returns the status as a Boolean value.</doc>
<kw name="Wait Until Element Is Visible" library="SeleniumLibrary">
<arg>${element}</arg>
<arg>timeout=2</arg>
<doc>Waits until the element ``locator`` is visible.</doc>
<status status="PASS" starttime="20210901 16:29:54.750" endtime="20210901 16:29:54.767"/>
</kw>
<msg timestamp="20210901 16:29:54.767" level="INFO">${status} = True</msg>
<status status="PASS" starttime="20210901 16:29:54.750" endtime="20210901 16:29:54.767"/>
</kw>
<if>
<branch type="IF" condition="'${status}' == 'True'">
<kw name="Exit For Loop" library="BuiltIn">
<doc>Stops executing the enclosing for loop.</doc>
<msg timestamp="20210901 16:29:54.768" level="INFO">Exiting for loop altogether.</msg>
<status status="PASS" starttime="20210901 16:29:54.768" endtime="20210901 16:29:54.768"/>
</kw>
<status status="PASS" starttime="20210901 16:29:54.768" endtime="20210901 16:29:54.768"/>
</branch>
<status status="PASS" starttime="20210901 16:29:54.767" endtime="20210901 16:29:54.768"/>
</if>
<status status="PASS" starttime="20210901 16:29:54.750" endtime="20210901 16:29:54.768"/>
</iter>
<status status="PASS" starttime="20210901 16:29:54.750" endtime="20210901 16:29:54.768"/>
</for>
<status status="PASS" starttime="20210901 16:29:54.749" endtime="20210901 16:29:54.769"/>
</kw>
<kw name="Click Element" library="SeleniumLibrary">
<arg>${element}</arg>
<doc>Click the element identified by ``locator``.</doc>
<msg timestamp="20210901 16:29:54.769" level="INFO">Clicking element '//div[contains(@class, "cart-notice-container")]//span[contains(@class, "cart-notice__close")]'.</msg>
<status status="PASS" starttime="20210901 16:29:54.769" endtime="20210901 16:29:54.916"/>
</kw>
<status status="PASS" starttime="20210901 16:29:54.749" endtime="20210901 16:29:54.917"/>
</kw>
<status status="PASS" starttime="20210901 16:29:54.749" endtime="20210901 16:29:54.917"/>
</branch>
<status status="PASS" starttime="20210901 16:29:54.748" endtime="20210901 16:29:54.917"/>
</if>
<status status="PASS" starttime="20210901 16:29:53.496" endtime="20210901 16:29:54.917"/>
</kw>
<kw name="Set Variable" library="BuiltIn">
<var>${previousCategory}</var>
<arg>${item}[Product_Category]</arg>
<doc>Returns the given values which can then be assigned to a variables.</doc>
<msg timestamp="20210901 16:29:54.917" level="INFO">${previousCategory} = Dresses</msg>
<status status="PASS" starttime="20210901 16:29:54.917" endtime="20210901 16:29:54.917"/>
</kw>
<status status="PASS" starttime="20210901 16:29:51.356" endtime="20210901 16:29:54.917"/>
</iter>
<iter>
<var name="${item}">{'Test_Case_ID': 'TC01', 'Product_Category': 'Denim', 'Product_Name': 'Hi-Rise Mom Jeans - Blue', 'Size': 'S', 'Edited_Size': 'XS', 'Quantity': '2', 'Row_Index': 3}</var>
<if>
<branch type="IF" condition="'${item}[Product_Category]' != '${previousCategory}'">
<kw name="Click Shop Button" library="UserDefineKeywords">
<kw name="U - Click Element" library="UserDefineKeywords">
<arg>${shopBtn}</arg>
<kw name="Check Exist Element" library="UserDefineKeywords">
<arg>${element}</arg>
<for flavor="IN RANGE">
<var>${i}</var>
<value>10</value>
<iter>
<var name="${i}">0</var>
<kw name="Run Keyword And Return Status" library="BuiltIn">
<var>${status}</var>
<arg>Wait Until Element Is Visible</arg>
<arg>${element}</arg>
<arg>timeout=2</arg>
<doc>Runs the given keyword with given arguments and returns the status as a Boolean value.</doc>
<kw name="Wait Until Element Is Visible" library="SeleniumLibrary">
<arg>${element}</arg>
<arg>timeout=2</arg>
<doc>Waits until the element ``locator`` is visible.</doc>
<status status="PASS" starttime="20210901 16:29:54.920" endtime="20210901 16:29:54.954"/>
</kw>
<msg timestamp="20210901 16:29:54.955" level="INFO">${status} = True</msg>
<status status="PASS" starttime="20210901 16:29:54.920" endtime="20210901 16:29:54.955"/>
</kw>
<if>
<branch type="IF" condition="'${status}' == 'True'">
<kw name="Exit For Loop" library="BuiltIn">
<doc>Stops executing the enclosing for loop.</doc>
<msg timestamp="20210901 16:29:54.955" level="INFO">Exiting for loop altogether.</msg>
<status status="PASS" starttime="20210901 16:29:54.955" endtime="20210901 16:29:54.956"/>
</kw>
<status status="PASS" starttime="20210901 16:29:54.955" endtime="20210901 16:29:54.956"/>
</branch>
<status status="PASS" starttime="20210901 16:29:54.955" endtime="20210901 16:29:54.956"/>
</if>
<status status="PASS" starttime="20210901 16:29:54.919" endtime="20210901 16:29:54.956"/>
</iter>
<status status="PASS" starttime="20210901 16:29:54.919" endtime="20210901 16:29:54.956"/>
</for>
<status status="PASS" starttime="20210901 16:29:54.919" endtime="20210901 16:29:54.957"/>
</kw>
<kw name="Click Element" library="SeleniumLibrary">
<arg>${element}</arg>
<doc>Click the element identified by ``locator``.</doc>
<msg timestamp="20210901 16:29:54.957" level="INFO">Clicking element '//header//Button/span[contains(text(), "Shop")]'.</msg>
<status status="PASS" starttime="20210901 16:29:54.957" endtime="20210901 16:29:55.031"/>
</kw>
<status status="PASS" starttime="20210901 16:29:54.918" endtime="20210901 16:29:55.031"/>
</kw>
<kw name="Check Exist Element" library="UserDefineKeywords">
<arg>${categoryList}</arg>
<for flavor="IN RANGE">
<var>${i}</var>
<value>10</value>
<iter>
<var name="${i}">0</var>
<kw name="Run Keyword And Return Status" library="BuiltIn">
<var>${status}</var>
<arg>Wait Until Element Is Visible</arg>
<arg>${element}</arg>
<arg>timeout=2</arg>
<doc>Runs the given keyword with given arguments and returns the status as a Boolean value.</doc>
<kw name="Wait Until Element Is Visible" library="SeleniumLibrary">
<arg>${element}</arg>
<arg>timeout=2</arg>
<doc>Waits until the element ``locator`` is visible.</doc>
<status status="PASS" starttime="20210901 16:29:55.032" endtime="20210901 16:29:55.058"/>
</kw>
<msg timestamp="20210901 16:29:55.058" level="INFO">${status} = True</msg>
<status status="PASS" starttime="20210901 16:29:55.032" endtime="20210901 16:29:55.058"/>
</kw>
<if>
<branch type="IF" condition="'${status}' == 'True'">
<kw name="Exit For Loop" library="BuiltIn">
<doc>Stops executing the enclosing for loop.</doc>
<msg timestamp="20210901 16:29:55.059" level="INFO">Exiting for loop altogether.</msg>
<status status="PASS" starttime="20210901 16:29:55.059" endtime="20210901 16:29:55.060"/>
</kw>
<status status="PASS" starttime="20210901 16:29:55.059" endtime="20210901 16:29:55.060"/>
</branch>
<status status="PASS" starttime="20210901 16:29:55.058" endtime="20210901 16:29:55.060"/>
</if>
<status status="PASS" starttime="20210901 16:29:55.032" endtime="20210901 16:29:55.060"/>
</iter>
<status status="PASS" starttime="20210901 16:29:55.032" endtime="20210901 16:29:55.060"/>
</for>
<status status="PASS" starttime="20210901 16:29:55.031" endtime="20210901 16:29:55.060"/>
</kw>
<status status="PASS" starttime="20210901 16:29:54.918" endtime="20210901 16:29:55.060"/>
</kw>
<kw name="Replace String" library="String">
<var>${categoryLinkSelect}</var>
<arg>${categoryLink}</arg>
<arg>{{category}}</arg>
<arg>${item}[Product_Category]</arg>
<doc>Replaces ``search_for`` in the given ``string`` with ``replace_with``.</doc>
<msg timestamp="20210901 16:29:55.060" level="INFO">${categoryLinkSelect} = //nav[contains(@class, "menu-link_tree-content dropdown_list__active")]//ul//li//a[text()="Denim"]</msg>
<status status="PASS" starttime="20210901 16:29:55.060" endtime="20210901 16:29:55.060"/>
</kw>
<kw name="U - Click Element" library="UserDefineKeywords">
<arg>${categoryLinkSelect}</arg>
<kw name="Check Exist Element" library="UserDefineKeywords">
<arg>${element}</arg>
<for flavor="IN RANGE">
<var>${i}</var>
<value>10</value>
<iter>
<var name="${i}">0</var>
<kw name="Run Keyword And Return Status" library="BuiltIn">
<var>${status}</var>
<arg>Wait Until Element Is Visible</arg>
<arg>${element}</arg>
<arg>timeout=2</arg>
<doc>Runs the given keyword with given arguments and returns the status as a Boolean value.</doc>
<kw name="Wait Until Element Is Visible" library="SeleniumLibrary">
<arg>${element}</arg>
<arg>timeout=2</arg>
<doc>Waits until the element ``locator`` is visible.</doc>
<status status="PASS" starttime="20210901 16:29:55.062" endtime="20210901 16:29:55.086"/>
</kw>
<msg timestamp="20210901 16:29:55.086" level="INFO">${status} = True</msg>
<status status="PASS" starttime="20210901 16:29:55.061" endtime="20210901 16:29:55.086"/>
</kw>
<if>
<branch type="IF" condition="'${status}' == 'True'">
<kw name="Exit For Loop" library="BuiltIn">
<doc>Stops executing the enclosing for loop.</doc>
<msg timestamp="20210901 16:29:55.087" level="INFO">Exiting for loop altogether.</msg>
<status status="PASS" starttime="20210901 16:29:55.087" endtime="20210901 16:29:55.087"/>
</kw>
<status status="PASS" starttime="20210901 16:29:55.087" endtime="20210901 16:29:55.088"/>
</branch>
<status status="PASS" starttime="20210901 16:29:55.086" endtime="20210901 16:29:55.088"/>
</if>
<status status="PASS" starttime="20210901 16:29:55.061" endtime="20210901 16:29:55.088"/>
</iter>
<status status="PASS" starttime="20210901 16:29:55.061" endtime="20210901 16:29:55.088"/>
</for>
<status status="PASS" starttime="20210901 16:29:55.061" endtime="20210901 16:29:55.088"/>
</kw>
<kw name="Click Element" library="SeleniumLibrary">
<arg>${element}</arg>
<doc>Click the element identified by ``locator``.</doc>
<msg timestamp="20210901 16:29:55.088" level="INFO">Clicking element '//nav[contains(@class, "menu-link_tree-content dropdown_list__active")]//ul//li//a[text()="Denim"]'.</msg>
<status status="PASS" starttime="20210901 16:29:55.088" endtime="20210901 16:29:55.191"/>
</kw>
<status status="PASS" starttime="20210901 16:29:55.061" endtime="20210901 16:29:55.191"/>
</kw>
<kw name="Check Exist Element" library="UserDefineKeywords">
<arg>//div[contains(@class, "product-item")]</arg>
<for flavor="IN RANGE">
<var>${i}</var>
<value>10</value>
<iter>
<var name="${i}">0</var>
<kw name="Run Keyword And Return Status" library="BuiltIn">
<var>${status}</var>
<arg>Wait Until Element Is Visible</arg>
<arg>${element}</arg>
<arg>timeout=2</arg>
<doc>Runs the given keyword with given arguments and returns the status as a Boolean value.</doc>
<kw name="Wait Until Element Is Visible" library="SeleniumLibrary">
<arg>${element}</arg>
<arg>timeout=2</arg>
<doc>Waits until the element ``locator`` is visible.</doc>
<status status="PASS" starttime="20210901 16:29:55.192" endtime="20210901 16:29:55.960"/>
</kw>
<msg timestamp="20210901 16:29:55.961" level="INFO">${status} = True</msg>
<status status="PASS" starttime="20210901 16:29:55.192" endtime="20210901 16:29:55.961"/>
</kw>
<if>
<branch type="IF" condition="'${status}' == 'True'">
<kw name="Exit For Loop" library="BuiltIn">
<doc>Stops executing the enclosing for loop.</doc>
<msg timestamp="20210901 16:29:55.961" level="INFO">Exiting for loop altogether.</msg>
<status status="PASS" starttime="20210901 16:29:55.961" endtime="20210901 16:29:55.962"/>
</kw>
<status status="PASS" starttime="20210901 16:29:55.961" endtime="20210901 16:29:55.962"/>
</branch>
<status status="PASS" starttime="20210901 16:29:55.961" endtime="20210901 16:29:55.962"/>
</if>
<status status="PASS" starttime="20210901 16:29:55.192" endtime="20210901 16:29:55.962"/>
</iter>
<status status="PASS" starttime="20210901 16:29:55.191" endtime="20210901 16:29:55.962"/>
</for>
<status status="PASS" starttime="20210901 16:29:55.191" endtime="20210901 16:29:55.962"/>
</kw>
<status status="PASS" starttime="20210901 16:29:54.918" endtime="20210901 16:29:55.962"/>
</branch>
<status status="PASS" starttime="20210901 16:29:54.918" endtime="20210901 16:29:55.962"/>
</if>
<kw name="Add Product To Cart" library="UserDefineKeywords">
<arg>${item}[Product_Name]</arg>
<arg>${item}[Size]</arg>
<kw name="Replace String" library="String">
<var>${addToCartBtn}</var>
<arg>${addToCartBtn}</arg>
<arg>{{productName}}</arg>
<arg>${productName}</arg>
<doc>Replaces ``search_for`` in the given ``string`` with ``replace_with``.</doc>
<msg timestamp="20210901 16:29:55.963" level="INFO">${addToCartBtn} = //div[contains(@class, "product-item")]//div[@class="product__link__description"]/a/span[text()="Hi-Rise Mom Jeans - Blue"]/../../..//div[@class="product-hover-interactions__add-to-bag"]</msg>
<status status="PASS" starttime="20210901 16:29:55.963" endtime="20210901 16:29:55.963"/>
</kw>
<kw name="Replace String" library="String">
<var>${sizeBtn}</var>
<arg>${sizeBtn}</arg>
<arg>{{productName}}</arg>
<arg>${productName}</arg>
<doc>Replaces ``search_for`` in the given ``string`` with ``replace_with``.</doc>
<msg timestamp="20210901 16:29:55.964" level="INFO">${sizeBtn} = //div[contains(@class, "product-item")]//div[@class="product__link__description"]/a/span[text()="Hi-Rise Mom Jeans - Blue"]/../../..//div[@class="product-hover-interactions__add-to-bag"]//span[text()=...</msg>
<status status="PASS" starttime="20210901 16:29:55.963" endtime="20210901 16:29:55.964"/>
</kw>
<kw name="Replace String" library="String">
<var>${sizeBtn}</var>
<arg>${sizeBtn}</arg>
<arg>{{size}}</arg>
<arg>${size}</arg>
<doc>Replaces ``search_for`` in the given ``string`` with ``replace_with``.</doc>
<msg timestamp="20210901 16:29:55.964" level="INFO">${sizeBtn} = //div[contains(@class, "product-item")]//div[@class="product__link__description"]/a/span[text()="Hi-Rise Mom Jeans - Blue"]/../../..//div[@class="product-hover-interactions__add-to-bag"]//span[text()=...</msg>
[...]
<arg>${selectQuantity}</arg>
<arg>${quantity}</arg>
<kw name="Check Exist Element" library="UserDefineKeywords">
<arg>${element}</arg>
<for flavor="IN RANGE">
<var>${i}</var>
<value>10</value>
<iter>
<var name="${i}">0</var>
<kw name="Run Keyword And Return Status" library="BuiltIn">
<var>${status}</var>
<arg>Wait Until Element Is Visible</arg>
<arg>${element}</arg>
<arg>timeout=2</arg>
<doc>Runs the given keyword with given arguments and returns the status as a Boolean value.</doc>
<kw name="Wait Until Element Is Visible" library="SeleniumLibrary">
<arg>${element}</arg>
<arg>timeout=2</arg>
<doc>Waits until the element ``locator`` is visible.</doc>
<status status="PASS" starttime="20210901 16:32:29.194" endtime="20210901 16:32:29.221"/>
</kw>
<msg timestamp="20210901 16:32:29.221" level="INFO">${status} = True</msg>
<status status="PASS" starttime="20210901 16:32:29.193" endtime="20210901 16:32:29.221"/>
</kw>
<if>
<branch type="IF" condition="'${status}' == 'True'">
<kw name="Exit For Loop" library="BuiltIn">
<doc>Stops executing the enclosing for loop.</doc>
<msg timestamp="20210901 16:32:29.222" level="INFO">Exiting for loop altogether.</msg>
<status status="PASS" starttime="20210901 16:32:29.222" endtime="20210901 16:32:29.222"/>
</kw>
<status status="PASS" starttime="20210901 16:32:29.221" endtime="20210901 16:32:29.222"/>
</branch>
<status status="PASS" starttime="20210901 16:32:29.221" endtime="20210901 16:32:29.222"/>
</if>
<status status="PASS" starttime="20210901 16:32:29.193" endtime="20210901 16:32:29.222"/>
</iter>
<status status="PASS" starttime="20210901 16:32:29.193" endtime="20210901 16:32:29.222"/>
</for>
<status status="PASS" starttime="20210901 16:32:29.193" endtime="20210901 16:32:29.222"/>
</kw>
<kw name="Select From List By Label" library="SeleniumLibrary">
<arg>${element}</arg>
<arg>${label}</arg>
<doc>Selects options from selection list ``locator`` by ``labels``.</doc>
<msg timestamp="20210901 16:32:29.223" level="INFO">Selecting options from selection list '//div[contains(@class, "cart-products")]//div[@class="cart-item-info__product-name"]/a[contains(text(), "Haribo Gummy Button Up Cardigan - Yellow")]/../../..//div[contains(@class, "cart-item-info__quantity")]//select' by label 1.</msg>
<status status="PASS" starttime="20210901 16:32:29.223" endtime="20210901 16:32:29.278"/>
</kw>
<status status="PASS" starttime="20210901 16:32:29.193" endtime="20210901 16:32:29.278"/>
</kw>
<status status="PASS" starttime="20210901 16:32:29.192" endtime="20210901 16:32:29.278"/>
</branch>
<status status="PASS" starttime="20210901 16:32:29.192" endtime="20210901 16:32:29.278"/>
</if>
<status status="PASS" starttime="20210901 16:32:29.190" endtime="20210901 16:32:29.278"/>
</kw>
<status status="PASS" starttime="20210901 16:32:29.190" endtime="20210901 16:32:29.278"/>
</iter>
<status status="PASS" starttime="20210901 16:32:28.868" endtime="20210901 16:32:29.278"/>
</for>
<status status="PASS" starttime="20210901 16:32:10.112" endtime="20210901 16:32:29.278"/>
</kw>
<kw name="Clear All Product In Shopping Bag" library="UserDefineKeywords">
<kw name="Check Exist Element" library="UserDefineKeywords">
<arg>${removeProductElements}</arg>
<for flavor="IN RANGE">
<var>${i}</var>
<value>10</value>
<iter>
<var name="${i}">0</var>
<kw name="Run Keyword And Return Status" library="BuiltIn">
<var>${status}</var>
<arg>Wait Until Element Is Visible</arg>
<arg>${element}</arg>
<arg>timeout=2</arg>
<doc>Runs the given keyword with given arguments and returns the status as a Boolean value.</doc>
<kw name="Wait Until Element Is Visible" library="SeleniumLibrary">
<arg>${element}</arg>
<arg>timeout=2</arg>
<doc>Waits until the element ``locator`` is visible.</doc>
<status status="PASS" starttime="20210901 16:32:29.280" endtime="20210901 16:32:29.308"/>
</kw>
<msg timestamp="20210901 16:32:29.308" level="INFO">${status} = True</msg>
<status status="PASS" starttime="20210901 16:32:29.280" endtime="20210901 16:32:29.308"/>
</kw>
<if>
<branch type="IF" condition="'${status}' == 'True'">
<kw name="Exit For Loop" library="BuiltIn">
<doc>Stops executing the enclosing for loop.</doc>
<msg timestamp="20210901 16:32:29.308" level="INFO">Exiting for loop altogether.</msg>
<status status="PASS" starttime="20210901 16:32:29.308" endtime="20210901 16:32:29.309"/>
</kw>
<status status="PASS" starttime="20210901 16:32:29.308" endtime="20210901 16:32:29.309"/>
</branch>
<status status="PASS" starttime="20210901 16:32:29.308" endtime="20210901 16:32:29.309"/>
</if>
<status status="PASS" starttime="20210901 16:32:29.280" endtime="20210901 16:32:29.309"/>
</iter>
<status status="PASS" starttime="20210901 16:32:29.280" endtime="20210901 16:32:29.309"/>
</for>
<status status="PASS" starttime="20210901 16:32:29.279" endtime="20210901 16:32:29.310"/>
</kw>
<kw name="Get Element Count" library="SeleniumLibrary">
<var>${removeElementsSize}</var>
<arg>${removeProductElements}</arg>
<doc>Returns the number of elements matching ``locator``.</doc>
<msg timestamp="20210901 16:32:29.322" level="INFO">${removeElementsSize} = 3</msg>
<status status="PASS" starttime="20210901 16:32:29.310" endtime="20210901 16:32:29.322"/>
</kw>
<for flavor="IN RANGE">
<var>${i}</var>
<value>${removeElementsSize}</value>
<iter>
<var name="${i}">0</var>
<kw name="Check Exist Element" library="UserDefineKeywords">
<arg>${removeProductElementBtn}</arg>
<for flavor="IN RANGE">
<var>${i}</var>
<value>10</value>
<iter>
<var name="${i}">0</var>
<kw name="Run Keyword And Return Status" library="BuiltIn">
<var>${status}</var>
<arg>Wait Until Element Is Visible</arg>
<arg>${element}</arg>
<arg>timeout=2</arg>
<doc>Runs the given keyword with given arguments and returns the status as a Boolean value.</doc>
<kw name="Wait Until Element Is Visible" library="SeleniumLibrary">
<arg>${element}</arg>
<arg>timeout=2</arg>
<doc>Waits until the element ``locator`` is visible.</doc>
<status status="PASS" starttime="20210901 16:32:29.324" endtime="20210901 16:32:29.345"/>
</kw>
<msg timestamp="20210901 16:32:29.345" level="INFO">${status} = True</msg>
<status status="PASS" starttime="20210901 16:32:29.323" endtime="20210901 16:32:29.345"/>
</kw>
<if>
<branch type="IF" condition="'${status}' == 'True'">
<kw name="Exit For Loop" library="BuiltIn">
<doc>Stops executing the enclosing for loop.</doc>
<msg timestamp="20210901 16:32:29.346" level="INFO">Exiting for loop altogether.</msg>
<status status="PASS" starttime="20210901 16:32:29.346" endtime="20210901 16:32:29.346"/>
</kw>
<status status="PASS" starttime="20210901 16:32:29.345" endtime="20210901 16:32:29.346"/>
</branch>
<status status="PASS" starttime="20210901 16:32:29.345" endtime="20210901 16:32:29.346"/>
</if>
<status status="PASS" starttime="20210901 16:32:29.323" endtime="20210901 16:32:29.346"/>
</iter>
<status status="PASS" starttime="20210901 16:32:29.323" endtime="20210901 16:32:29.346"/>
</for>
<status status="PASS" starttime="20210901 16:32:29.322" endtime="20210901 16:32:29.346"/>
</kw>
<kw name="U - Click Element" library="UserDefineKeywords">
<arg>${removeProductElementBtn}</arg>
<kw name="Check Exist Element" library="UserDefineKeywords">
<arg>${element}</arg>
<for flavor="IN RANGE">
<var>${i}</var>
<value>10</value>
<iter>
<var name="${i}">0</var>
<kw name="Run Keyword And Return Status" library="BuiltIn">
<var>${status}</var>
<arg>Wait Until Element Is Visible</arg>
<arg>${element}</arg>
<arg>timeout=2</arg>
<doc>Runs the given keyword with given arguments and returns the status as a Boolean value.</doc>
<kw name="Wait Until Element Is Visible" library="SeleniumLibrary">
<arg>${element}</arg>
<arg>timeout=2</arg>
<doc>Waits until the element ``locator`` is visible.</doc>
<status status="PASS" starttime="20210901 16:32:29.348" endtime="20210901 16:32:29.364"/>
</kw>
<msg timestamp="20210901 16:32:29.364" level="INFO">${status} = True</msg>
<status status="PASS" starttime="20210901 16:32:29.348" endtime="20210901 16:32:29.364"/>
</kw>
<if>
<branch type="IF" condition="'${status}' == 'True'">
<kw name="Exit For Loop" library="BuiltIn">
<doc>Stops executing the enclosing for loop.</doc>
<msg timestamp="20210901 16:32:29.364" level="INFO">Exiting for loop altogether.</msg>
<status status="PASS" starttime="20210901 16:32:29.364" endtime="20210901 16:32:29.365"/>
</kw>
<status status="PASS" starttime="20210901 16:32:29.364" endtime="20210901 16:32:29.365"/>
</branch>
<status status="PASS" starttime="20210901 16:32:29.364" endtime="20210901 16:32:29.365"/>
</if>
<status status="PASS" starttime="20210901 16:32:29.347" endtime="20210901 16:32:29.365"/>
</iter>
<status status="PASS" starttime="20210901 16:32:29.347" endtime="20210901 16:32:29.365"/>
</for>
<status status="PASS" starttime="20210901 16:32:29.347" endtime="20210901 16:32:29.365"/>
</kw>
<kw name="Click Element" library="SeleniumLibrary">
<arg>${element}</arg>
<doc>Click the element identified by ``locator``.</doc>
<msg timestamp="20210901 16:32:29.366" level="INFO">Clicking element '(//div[contains(@class, "cart-remove")])[1]'.</msg>
<status status="PASS" starttime="20210901 16:32:29.365" endtime="20210901 16:32:29.457"/>
</kw>
<status status="PASS" starttime="20210901 16:32:29.347" endtime="20210901 16:32:29.457"/>
</kw>
<status status="PASS" starttime="20210901 16:32:29.322" endtime="20210901 16:32:29.457"/>
</iter>
<iter>
<var name="${i}">1</var>
<kw name="Check Exist Element" library="UserDefineKeywords">
<arg>${removeProductElementBtn}</arg>
<for flavor="IN RANGE">
<var>${i}</var>
<value>10</value>
<iter>
<var name="${i}">0</var>
<kw name="Run Keyword And Return Status" library="BuiltIn">
<var>${status}</var>
<arg>Wait Until Element Is Visible</arg>
<arg>${element}</arg>
<arg>timeout=2</arg>
<doc>Runs the given keyword with given arguments and returns the status as a Boolean value.</doc>
<kw name="Wait Until Element Is Visible" library="SeleniumLibrary">
<arg>${element}</arg>
<arg>timeout=2</arg>
<doc>Waits until the element ``locator`` is visible.</doc>
<status status="PASS" starttime="20210901 16:32:29.459" endtime="20210901 16:32:30.417"/>
</kw>
<msg timestamp="20210901 16:32:30.417" level="INFO">${status} = True</msg>
<status status="PASS" starttime="20210901 16:32:29.458" endtime="20210901 16:32:30.417"/>
</kw>
<if>
<branch type="IF" condition="'${status}' == 'True'">
<kw name="Exit For Loop" library="BuiltIn">
<doc>Stops executing the enclosing for loop.</doc>
<msg timestamp="20210901 16:32:30.418" level="INFO">Exiting for loop altogether.</msg>
<status status="PASS" starttime="20210901 16:32:30.418" endtime="20210901 16:32:30.418"/>
</kw>
<status status="PASS" starttime="20210901 16:32:30.418" endtime="20210901 16:32:30.418"/>
</branch>
<status status="PASS" starttime="20210901 16:32:30.417" endtime="20210901 16:32:30.418"/>
</if>
<status status="PASS" starttime="20210901 16:32:29.458" endtime="20210901 16:32:30.418"/>
</iter>
<status status="PASS" starttime="20210901 16:32:29.458" endtime="20210901 16:32:30.419"/>
</for>
<status status="PASS" starttime="20210901 16:32:29.458" endtime="20210901 16:32:30.419"/>
</kw>
<kw name="U - Click Element" library="UserDefineKeywords">
<arg>${removeProductElementBtn}</arg>
<kw name="Check Exist Element" library="UserDefineKeywords">
<arg>${element}</arg>
<for flavor="IN RANGE">
<var>${i}</var>
<value>10</value>
<iter>
<var name="${i}">0</var>
<kw name="Run Keyword And Return Status" library="BuiltIn">
<var>${status}</var>
<arg>Wait Until Element Is Visible</arg>
<arg>${element}</arg>
<arg>timeout=2</arg>
<doc>Runs the given keyword with given arguments and returns the status as a Boolean value.</doc>
<kw name="Wait Until Element Is Visible" library="SeleniumLibrary">
<arg>${element}</arg>
<arg>timeout=2</arg>
<doc>Waits until the element ``locator`` is visible.</doc>
<status status="PASS" starttime="20210901 16:32:30.420" endtime="20210901 16:32:30.442"/>
</kw>
<msg timestamp="20210901 16:32:30.442" level="INFO">${status} = True</msg>
<status status="PASS" starttime="20210901 16:32:30.420" endtime="20210901 16:32:30.442"/>
</kw>
<if>
<branch type="IF" condition="'${status}' == 'True'">
<kw name="Exit For Loop" library="BuiltIn">
<doc>Stops executing the enclosing for loop.</doc>
<msg timestamp="20210901 16:32:30.443" level="INFO">Exiting for loop altogether.</msg>
<status status="PASS" starttime="20210901 16:32:30.443" endtime="20210901 16:32:30.443"/>
</kw>
<status status="PASS" starttime="20210901 16:32:30.443" endtime="20210901 16:32:30.444"/>
</branch>
<status status="PASS" starttime="20210901 16:32:30.442" endtime="20210901 16:32:30.444"/>
</if>
<status status="PASS" starttime="20210901 16:32:30.420" endtime="20210901 16:32:30.444"/>
</iter>
<status status="PASS" starttime="20210901 16:32:30.420" endtime="20210901 16:32:30.444"/>
</for>
<status status="PASS" starttime="20210901 16:32:30.419" endtime="20210901 16:32:30.444"/>
</kw>
<kw name="Click Element" library="SeleniumLibrary">
<arg>${element}</arg>
<doc>Click the element identified by ``locator``.</doc>
<msg timestamp="20210901 16:32:30.444" level="INFO">Clicking element '(//div[contains(@class, "cart-remove")])[1]'.</msg>
<status status="PASS" starttime="20210901 16:32:30.444" endtime="20210901 16:32:30.533"/>
</kw>
<status status="PASS" starttime="20210901 16:32:30.419" endtime="20210901 16:32:30.534"/>
</kw>
<status status="PASS" starttime="20210901 16:32:29.457" endtime="20210901 16:32:30.534"/>
</iter>
<iter>
<var name="${i}">2</var>
<kw name="Check Exist Element" library="UserDefineKeywords">
<arg>${removeProductElementBtn}</arg>
<for flavor="IN RANGE">
<var>${i}</var>
<value>10</value>
<iter>
<var name="${i}">0</var>
<kw name="Run Keyword And Return Status" library="BuiltIn">
<var>${status}</var>
<arg>Wait Until Element Is Visible</arg>
<arg>${element}</arg>
<arg>timeout=2</arg>
<doc>Runs the given keyword with given arguments and returns the status as a Boolean value.</doc>
<kw name="Wait Until Element Is Visible" library="SeleniumLibrary">
<arg>${element}</arg>
<arg>timeout=2</arg>
<doc>Waits until the element ``locator`` is visible.</doc>
<status status="PASS" starttime="20210901 16:32:30.535" endtime="20210901 16:32:31.425"/>
</kw>
<msg timestamp="20210901 16:32:31.425" level="INFO">${status} = True</msg>
<status status="PASS" starttime="20210901 16:32:30.535" endtime="20210901 16:32:31.425"/>
</kw>
<if>
<branch type="IF" condition="'${status}' == 'True'">
<kw name="Exit For Loop" library="BuiltIn">
<doc>Stops executing the enclosing for loop.</doc>
<msg timestamp="20210901 16:32:31.426" level="INFO">Exiting for loop altogether.</msg>
<status status="PASS" starttime="20210901 16:32:31.425" endtime="20210901 16:32:31.426"/>
</kw>
<status status="PASS" starttime="20210901 16:32:31.425" endtime="20210901 16:32:31.426"/>
</branch>
<status status="PASS" starttime="20210901 16:32:31.425" endtime="20210901 16:32:31.426"/>
</if>
<status status="PASS" starttime="20210901 16:32:30.535" endtime="20210901 16:32:31.426"/>
</iter>
<status status="PASS" starttime="20210901 16:32:30.535" endtime="20210901 16:32:31.426"/>
</for>
<status status="PASS" starttime="20210901 16:32:30.534" endtime="20210901 16:32:31.426"/>
</kw>
<kw name="U - Click Element" library="UserDefineKeywords">
<arg>${removeProductElementBtn}</arg>
<kw name="Check Exist Element" library="UserDefineKeywords">
<arg>${element}</arg>
<for flavor="IN RANGE">
<var>${i}</var>
<value>10</value>
<iter>
<var name="${i}">0</var>
<kw name="Run Keyword And Return Status" library="BuiltIn">
<var>${status}</var>
<arg>Wait Until Element Is Visible</arg>
<arg>${element}</arg>
<arg>timeout=2</arg>
<doc>Runs the given keyword with given arguments and returns the status as a Boolean value.</doc>
<kw name="Wait Until Element Is Visible" library="SeleniumLibrary">
<arg>${element}</arg>
<arg>timeout=2</arg>
<doc>Waits until the element ``locator`` is visible.</doc>
<status status="PASS" starttime="20210901 16:32:31.428" endtime="20210901 16:32:31.445"/>
</kw>
<msg timestamp="20210901 16:32:31.445" level="INFO">${status} = True</msg>
<status status="PASS" starttime="20210901 16:32:31.427" endtime="20210901 16:32:31.445"/>
</kw>
<if>
<branch type="IF" condition="'${status}' == 'True'">
<kw name="Exit For Loop" library="BuiltIn">
<doc>Stops executing the enclosing for loop.</doc>
<msg timestamp="20210901 16:32:31.446" level="INFO">Exiting for loop altogether.</msg>
<status status="PASS" starttime="20210901 16:32:31.446" endtime="20210901 16:32:31.446"/>
</kw>
<status status="PASS" starttime="20210901 16:32:31.446" endtime="20210901 16:32:31.446"/>
</branch>
<status status="PASS" starttime="20210901 16:32:31.445" endtime="20210901 16:32:31.446"/>
</if>
<status status="PASS" starttime="20210901 16:32:31.427" endtime="20210901 16:32:31.447"/>
</iter>
<status status="PASS" starttime="20210901 16:32:31.427" endtime="20210901 16:32:31.447"/>
</for>
<status status="PASS" starttime="20210901 16:32:31.427" endtime="20210901 16:32:31.447"/>
</kw>
<kw name="Click Element" library="SeleniumLibrary">
<arg>${element}</arg>
<doc>Click the element identified by ``locator``.</doc>
<msg timestamp="20210901 16:32:31.447" level="INFO">Clicking element '(//div[contains(@class, "cart-remove")])[1]'.</msg>
<status status="PASS" starttime="20210901 16:32:31.447" endtime="20210901 16:32:31.544"/>
</kw>
<status status="PASS" starttime="20210901 16:32:31.426" endtime="20210901 16:32:31.545"/>
</kw>
<status status="PASS" starttime="20210901 16:32:30.534" endtime="20210901 16:32:31.545"/>
</iter>
<status status="PASS" starttime="20210901 16:32:29.322" endtime="20210901 16:32:31.545"/>
</for>
<kw name="Check Exist Element" library="UserDefineKeywords">
<arg>${emptyCart}</arg>
<for flavor="IN RANGE">
<var>${i}</var>
<value>10</value>
<iter>
<var name="${i}">0</var>
<kw name="Run Keyword And Return Status" library="BuiltIn">
<var>${status}</var>
<arg>Wait Until Element Is Visible</arg>
<arg>${element}</arg>
<arg>timeout=2</arg>
<doc>Runs the given keyword with given arguments and returns the status as a Boolean value.</doc>
<kw name="Wait Until Element Is Visible" library="SeleniumLibrary">
<arg>${element}</arg>
<arg>timeout=2</arg>
<doc>Waits until the element ``locator`` is visible.</doc>
<status status="PASS" starttime="20210901 16:32:31.546" endtime="20210901 16:32:32.454"/>
</kw>
<msg timestamp="20210901 16:32:32.454" level="INFO">${status} = True</msg>
<status status="PASS" starttime="20210901 16:32:31.546" endtime="20210901 16:32:32.454"/>
</kw>
<if>
<branch type="IF" condition="'${status}' == 'True'">
<kw name="Exit For Loop" library="BuiltIn">
<doc>Stops executing the enclosing for loop.</doc>
<msg timestamp="20210901 16:32:32.455" level="INFO">Exiting for loop altogether.</msg>
<status status="PASS" starttime="20210901 16:32:32.455" endtime="20210901 16:32:32.455"/>
</kw>
<status status="PASS" starttime="20210901 16:32:32.455" endtime="20210901 16:32:32.455"/>
</branch>
<status status="PASS" starttime="20210901 16:32:32.454" endtime="20210901 16:32:32.455"/>
</if>
<status status="PASS" starttime="20210901 16:32:31.546" endtime="20210901 16:32:32.455"/>
</iter>
<status status="PASS" starttime="20210901 16:32:31.545" endtime="20210901 16:32:32.455"/>
</for>
<status status="PASS" starttime="20210901 16:32:31.545" endtime="20210901 16:32:32.456"/>
</kw>
<status status="PASS" starttime="20210901 16:32:29.279" endtime="20210901 16:32:32.456"/>
</kw>
<kw name="Close Browser" library="SeleniumLibrary">
<doc>Closes the current browser.</doc>
<status status="PASS" starttime="20210901 16:32:32.456" endtime="20210901 16:32:34.810"/>
</kw>
<status status="PASS" starttime="20210901 16:32:06.853" endtime="20210901 16:32:34.811"/>
</test>
<status status="PASS" starttime="20210901 16:29:32.900" endtime="20210901 16:32:34.813"/>
</suite>
<statistics>
<total>
<stat pass="6" fail="0" skip="0">All Tests</stat>
</total>
<tag>
</tag>
<suite>
<stat pass="6" fail="0" skip="0" id="s1" name="Pomelo">Pomelo</stat>
</suite>
</statistics>
<errors>
</errors>
</robot>
